26-03-03.00:05:50.300 [SpringApplicationShutdownHook] INFO  HikariDataSource       - HikariPool-1 - Shutdown initiated...
26-03-03.00:05:50.319 [SpringApplicationShutdownHook] INFO  HikariDataSource       - HikariPool-1 - Shutdown completed.
26-03-03.00:36:09.851 [main            ] INFO  Application            - Starting Application using Java 1.8.0_391 on LAPTOP-EK831I6O with PID 31740 (E:\java_project\group_buy_market_ZFHZZ\group_buy_market_ZFHZZ-app\target\classes started by ZFHZZ in E:\java_project\group_buy_market_ZFHZZ)
26-03-03.00:36:09.853 [main            ] INFO  Application            - The following 1 profile is active: "dev"
26-03-03.00:36:10.762 [main            ] INFO  RepositoryConfigurationDelegate - Multiple Spring Data modules found, entering strict repository configuration mode
26-03-03.00:36:10.763 [main            ] INFO  RepositoryConfigurationDelegate - Bootstrapping Spring Data Redis repositories in DEFAULT mode.
26-03-03.00:36:10.790 [main            ] INFO  RepositoryConfigurationDelegate - Finished Spring Data repository scanning in 18 ms. Found 0 Redis repository interfaces.
26-03-03.00:36:10.958 [main            ] INFO  PostProcessorRegistrationDelegate$BeanPostProcessorChecker - Bean 'redisClientConfig' of type [cn.bugstack.config.RedisClientConfig$$EnhancerBySpringCGLIB$$6de2ed4f] is not eligible for getting processed by all BeanPostProcessors (for example: not eligible for auto-proxying)
26-03-03.00:36:11.010 [main            ] INFO  PostProcessorRegistrationDelegate$BeanPostProcessorChecker - Bean 'redis.sdk.config-cn.bugstack.config.RedisClientConfigProperties' of type [cn.bugstack.config.RedisClientConfigProperties] is not eligible for getting processed by all BeanPostProcessors (for example: not eligible for auto-proxying)
26-03-03.00:36:11.160 [main            ] INFO  Version                - Redisson 3.26.0
26-03-03.00:36:11.780 [redisson-netty-1-4] INFO  ConnectionsHolder      - 1 connections initialized for 192.168.3.245/192.168.3.245:16379
26-03-03.00:36:11.791 [redisson-netty-1-13] INFO  ConnectionsHolder      - 5 connections initialized for 192.168.3.245/192.168.3.245:16379
26-03-03.00:36:11.844 [main            ] INFO  PostProcessorRegistrationDelegate$BeanPostProcessorChecker - Bean 'redissonClient' of type [org.redisson.Redisson] is not eligible for getting processed by all BeanPostProcessors (for example: not eligible for auto-proxying)
26-03-03.00:36:11.968 [main            ] INFO  TomcatWebServer        - Tomcat initialized with port(s): 8091 (http)
26-03-03.00:36:11.976 [main            ] INFO  Http11NioProtocol      - Initializing ProtocolHandler ["http-nio-8091"]
26-03-03.00:36:11.977 [main            ] INFO  StandardService        - Starting service [Tomcat]
26-03-03.00:36:11.977 [main            ] INFO  StandardEngine         - Starting Servlet engine: [Apache Tomcat/9.0.75]
26-03-03.00:36:12.089 [main            ] INFO  [/]                    - Initializing Spring embedded WebApplicationContext
26-03-03.00:36:12.089 [main            ] INFO  ServletWebServerApplicationContext - Root WebApplicationContext: initialization completed in 2217 ms
26-03-03.00:36:13.798 [main            ] INFO  EndpointLinksResolver  - Exposing 1 endpoint(s) beneath base path '/actuator'
26-03-03.00:36:13.814 [main            ] INFO  Http11NioProtocol      - Starting ProtocolHandler ["http-nio-8091"]
26-03-03.00:36:13.819 [main            ] INFO  TomcatWebServer        - Tomcat started on port(s): 8091 (http) with context path ''
26-03-03.00:36:13.828 [main            ] INFO  Application            - Started Application in 4.192 seconds (JVM running for 4.991)
26-03-03.00:36:14.508 [RMI TCP Connection(4)-192.168.3.245] INFO  HikariDataSource       - HikariPool-1 - Starting...
26-03-03.00:36:14.858 [RMI TCP Connection(4)-192.168.3.245] INFO  HikariDataSource       - HikariPool-1 - Start completed.
26-03-03.00:36:15.709 [RMI TCP Connection(7)-192.168.3.245] INFO  [/]                    - Initializing Spring DispatcherServlet 'dispatcherServlet'
26-03-03.00:36:15.709 [RMI TCP Connection(7)-192.168.3.245] INFO  DispatcherServlet      - Initializing Servlet 'dispatcherServlet'
26-03-03.00:36:15.710 [RMI TCP Connection(7)-192.168.3.245] INFO  DispatcherServlet      - Completed initialization in 1 ms
26-03-03.00:37:03.533 [http-nio-8091-exec-1] WARN  DefaultHandlerExceptionResolver - Resolved [org.springframework.web.HttpRequestMethodNotSupportedException: Request method 'GET' not supported]
26-03-03.00:38:54.731 [http-nio-8091-exec-4] INFO  TestApiClientController - 模拟测试第三方服务接收拼团回调 {"teamId":"09090903"}
26-03-03.00:45:32.876 [http-nio-8091-exec-3] INFO  TestApiClientController - 模拟测试第三方服务接收拼团回调 {"outTradeNoList":["192048580195"],"teamId":"90311540"}
26-03-03.00:47:42.954 [http-nio-8091-exec-8] INFO  TestApiClientController - 模拟测试第三方服务接收拼团回调 {"outTradeNoList":["427061534741"],"teamId":"82512870"}
26-03-03.00:52:28.607 [SpringApplicationShutdownHook] INFO  HikariDataSource       - HikariPool-1 - Shutdown initiated...
26-03-03.00:52:28.622 [SpringApplicationShutdownHook] INFO  HikariDataSource       - HikariPool-1 - Shutdown completed.
26-03-03.00:59:04.584 [main            ] INFO  Application            - Starting Application using Java 1.8.0_391 on LAPTOP-EK831I6O with PID 16456 (E:\java_project\group_buy_market_ZFHZZ\group_buy_market_ZFHZZ-app\target\classes started by ZFHZZ in E:\java_project\group_buy_market_ZFHZZ)
26-03-03.00:59:04.584 [main            ] INFO  Application            - The following 1 profile is active: "dev"
26-03-03.00:59:05.084 [main            ] INFO  RepositoryConfigurationDelegate - Multiple Spring Data modules found, entering strict repository configuration mode
26-03-03.00:59:05.085 [main            ] INFO  RepositoryConfigurationDelegate - Bootstrapping Spring Data Redis repositories in DEFAULT mode.
26-03-03.00:59:05.114 [main            ] INFO  RepositoryConfigurationDelegate - Finished Spring Data repository scanning in 21 ms. Found 0 Redis repository interfaces.
26-03-03.00:59:05.239 [main            ] INFO  PostProcessorRegistrationDelegate$BeanPostProcessorChecker - Bean 'redisClientConfig' of type [cn.bugstack.config.RedisClientConfig$$EnhancerBySpringCGLIB$$8dce5bc] is not eligible for getting processed by all BeanPostProcessors (for example: not eligible for auto-proxying)
26-03-03.00:59:05.271 [main            ] INFO  PostProcessorRegistrationDelegate$BeanPostProcessorChecker - Bean 'redis.sdk.config-cn.bugstack.config.RedisClientConfigProperties' of type [cn.bugstack.config.RedisClientConfigProperties] is not eligible for getting processed by all BeanPostProcessors (for example: not eligible for auto-proxying)
26-03-03.00:59:05.377 [main            ] INFO  Version                - Redisson 3.26.0
26-03-03.00:59:05.939 [redisson-netty-1-5] INFO  ConnectionsHolder      - 1 connections initialized for 192.168.3.245/192.168.3.245:16379
26-03-03.00:59:05.953 [redisson-netty-1-13] INFO  ConnectionsHolder      - 5 connections initialized for 192.168.3.245/192.168.3.245:16379
26-03-03.00:59:05.989 [main            ] INFO  PostProcessorRegistrationDelegate$BeanPostProcessorChecker - Bean 'redissonClient' of type [org.redisson.Redisson] is not eligible for getting processed by all BeanPostProcessors (for example: not eligible for auto-proxying)
26-03-03.00:59:06.100 [main            ] INFO  TomcatWebServer        - Tomcat initialized with port(s): 8091 (http)
26-03-03.00:59:06.104 [main            ] INFO  Http11NioProtocol      - Initializing ProtocolHandler ["http-nio-8091"]
26-03-03.00:59:06.104 [main            ] INFO  StandardService        - Starting service [Tomcat]
26-03-03.00:59:06.104 [main            ] INFO  StandardEngine         - Starting Servlet engine: [Apache Tomcat/9.0.75]
26-03-03.00:59:06.192 [main            ] INFO  [/]                    - Initializing Spring embedded WebApplicationContext
26-03-03.00:59:06.192 [main            ] INFO  ServletWebServerApplicationContext - Root WebApplicationContext: initialization completed in 1588 ms
26-03-03.00:59:07.379 [main            ] INFO  EndpointLinksResolver  - Exposing 1 endpoint(s) beneath base path '/actuator'
26-03-03.00:59:07.400 [main            ] INFO  Http11NioProtocol      - Starting ProtocolHandler ["http-nio-8091"]
26-03-03.00:59:07.408 [main            ] INFO  TomcatWebServer        - Tomcat started on port(s): 8091 (http) with context path ''
26-03-03.00:59:07.421 [main            ] INFO  Application            - Started Application in 3.053 seconds (JVM running for 3.9)
26-03-03.00:59:08.230 [RMI TCP Connection(3)-192.168.3.245] INFO  [/]                    - Initializing Spring DispatcherServlet 'dispatcherServlet'
26-03-03.00:59:08.230 [RMI TCP Connection(3)-192.168.3.245] INFO  DispatcherServlet      - Initializing Servlet 'dispatcherServlet'
26-03-03.00:59:08.230 [RMI TCP Connection(3)-192.168.3.245] INFO  DispatcherServlet      - Completed initialization in 0 ms
26-03-03.00:59:08.934 [RMI TCP Connection(5)-192.168.3.245] INFO  HikariDataSource       - HikariPool-1 - Starting...
26-03-03.00:59:09.146 [RMI TCP Connection(5)-192.168.3.245] INFO  HikariDataSource       - HikariPool-1 - Start completed.
26-03-03.00:59:52.839 [http-nio-8091-exec-1] INFO  TestApiClientController - 模拟测试第三方服务接收拼团回调 {"outTradeNoList":["808646024721"],"teamId":"59276422"}
26-03-03.01:00:21.864 [SpringApplicationShutdownHook] INFO  HikariDataSource       - HikariPool-1 - Shutdown initiated...
26-03-03.01:00:21.877 [SpringApplicationShutdownHook] INFO  HikariDataSource       - HikariPool-1 - Shutdown completed.
26-03-03.20:51:08.816 [main            ] INFO  Application            - Starting Application using Java 1.8.0_391 on LAPTOP-EK831I6O with PID 39700 (E:\java_project\group_buy_market_ZFHZZ\group_buy_market_ZFHZZ-app\target\classes started by ZFHZZ in E:\java_project\group_buy_market_ZFHZZ)
26-03-03.20:51:08.823 [main            ] INFO  Application            - The following 1 profile is active: "dev"
26-03-03.20:51:10.309 [main            ] INFO  RepositoryConfigurationDelegate - Multiple Spring Data modules found, entering strict repository configuration mode
26-03-03.20:51:10.318 [main            ] INFO  RepositoryConfigurationDelegate - Bootstrapping Spring Data Redis repositories in DEFAULT mode.
26-03-03.20:51:10.450 [main            ] INFO  RepositoryConfigurationDelegate - Finished Spring Data repository scanning in 59 ms. Found 0 Redis repository interfaces.
26-03-03.20:51:11.002 [main            ] INFO  PostProcessorRegistrationDelegate$BeanPostProcessorChecker - Bean 'redisClientConfig' of type [cn.bugstack.config.RedisClientConfig$$EnhancerBySpringCGLIB$$f04a42e3] is not eligible for getting processed by all BeanPostProcessors (for example: not eligible for auto-proxying)
26-03-03.20:51:11.165 [main            ] INFO  PostProcessorRegistrationDelegate$BeanPostProcessorChecker - Bean 'redis.sdk.config-cn.bugstack.config.RedisClientConfigProperties' of type [cn.bugstack.config.RedisClientConfigProperties] is not eligible for getting processed by all BeanPostProcessors (for example: not eligible for auto-proxying)
26-03-03.20:51:11.468 [main            ] INFO  Version                - Redisson 3.26.0
26-03-03.20:51:12.476 [redisson-netty-1-5] INFO  ConnectionsHolder      - 1 connections initialized for 192.168.3.245/192.168.3.245:16379
26-03-03.20:51:12.508 [redisson-netty-1-13] INFO  ConnectionsHolder      - 5 connections initialized for 192.168.3.245/192.168.3.245:16379
26-03-03.20:51:12.586 [main            ] INFO  PostProcessorRegistrationDelegate$BeanPostProcessorChecker - Bean 'redissonClient' of type [org.redisson.Redisson] is not eligible for getting processed by all BeanPostProcessors (for example: not eligible for auto-proxying)
26-03-03.20:51:12.878 [main            ] INFO  TomcatWebServer        - Tomcat initialized with port(s): 8091 (http)
26-03-03.20:51:12.889 [main            ] INFO  Http11NioProtocol      - Initializing ProtocolHandler ["http-nio-8091"]
26-03-03.20:51:12.889 [main            ] INFO  StandardService        - Starting service [Tomcat]
26-03-03.20:51:12.889 [main            ] INFO  StandardEngine         - Starting Servlet engine: [Apache Tomcat/9.0.75]
26-03-03.20:51:13.108 [main            ] INFO  [/]                    - Initializing Spring embedded WebApplicationContext
26-03-03.20:51:13.108 [main            ] INFO  ServletWebServerApplicationContext - Root WebApplicationContext: initialization completed in 4133 ms
26-03-03.20:51:15.231 [main            ] INFO  EndpointLinksResolver  - Exposing 1 endpoint(s) beneath base path '/actuator'
26-03-03.20:51:15.257 [main            ] INFO  Http11NioProtocol      - Starting ProtocolHandler ["http-nio-8091"]
26-03-03.20:51:15.271 [main            ] INFO  TomcatWebServer        - Tomcat started on port(s): 8091 (http) with context path ''
26-03-03.20:51:15.284 [main            ] INFO  Application            - Started Application in 7.207 seconds (JVM running for 8.381)
26-03-03.20:51:15.364 [RMI TCP Connection(1)-192.168.3.245] INFO  HikariDataSource       - HikariPool-1 - Starting...
26-03-03.20:51:15.812 [RMI TCP Connection(1)-192.168.3.245] INFO  HikariDataSource       - HikariPool-1 - Start completed.
26-03-03.20:51:16.080 [RMI TCP Connection(3)-192.168.3.245] INFO  [/]                    - Initializing Spring DispatcherServlet 'dispatcherServlet'
26-03-03.20:51:16.080 [RMI TCP Connection(3)-192.168.3.245] INFO  DispatcherServlet      - Initializing Servlet 'dispatcherServlet'
26-03-03.20:51:16.081 [RMI TCP Connection(3)-192.168.3.245] INFO  DispatcherServlet      - Completed initialization in 1 ms
26-03-03.20:51:22.378 [http-nio-8091-exec-2] INFO  MarketIndexController  - 查询拼团营销配置开始:xfg01 goodsId:9890001
26-03-03.20:51:22.551 [http-nio-8091-exec-2] INFO  RootNode               - 拼团商品查询试算服务-RootNode userId:xfg01 requestParameter:{"channel":"c01","goodsId":"9890001","source":"s01","userId":"xfg01"}
26-03-03.20:51:22.713 [http-nio-8091-exec-2] INFO  MarketNode             - 拼团商品查询试算服务-MarketNode userId:xfg01 异步线程加载数据「GroupBuyActivityDiscountVO、SkuVO」完成
26-03-03.20:51:22.713 [http-nio-8091-exec-2] INFO  MarketNode             - 拼团商品查询试算服务-MarketNode userId:xfg01 requestParameter:{"channel":"c01","goodsId":"9890001","source":"s01","userId":"xfg01"}
26-03-03.20:51:22.713 [http-nio-8091-exec-2] INFO  MarketNode             - 进入查询结点
26-03-03.20:51:22.728 [http-nio-8091-exec-2] INFO  EndNode                - 拼团商品查询试算服务-EndNode userId:xfg01 requestParameter:{"channel":"c01","goodsId":"9890001","source":"s01","userId":"xfg01"}
26-03-03.20:51:22.856 [http-nio-8091-exec-2] ERROR MarketIndexController  - 查询拼团营销配置失败:xfg01 goodsId:9890001
org.springframework.jdbc.BadSqlGrammarException: 
### Error querying database.  Cause: java.sql.SQLSyntaxErrorException: Expression #1 of SELECT list is not in GROUP BY clause and contains nonaggregated column 'group_buy_market.group_buy_order_list.user_id' which is not functionally dependent on columns in GROUP BY clause; this is incompatible with sql_mode=only_full_group_by
### The error may exist in file [E:\java_project\group_buy_market_ZFHZZ\group_buy_market_ZFHZZ-app\target\classes\mybatis\mapper\group_buy_order_list_mapper.xml]
### The error may involve cn.bugstack.infrastructure.dao.IGroupBuyOrderListDao.queryInProgressUserGroupBuyOrderDetailListByActivityId-Inline
### The error occurred while setting parameters
### SQL: select user_id, team_id, out_trade_no         from group_buy_order_list         where activity_id = ? and status in (0, 1)         group by team_id
### Cause: java.sql.SQLSyntaxErrorException: Expression #1 of SELECT list is not in GROUP BY clause and contains nonaggregated column 'group_buy_market.group_buy_order_list.user_id' which is not functionally dependent on columns in GROUP BY clause; this is incompatible with sql_mode=only_full_group_by
; bad SQL grammar []; nested exception is java.sql.SQLSyntaxErrorException: Expression #1 of SELECT list is not in GROUP BY clause and contains nonaggregated column 'group_buy_market.group_buy_order_list.user_id' which is not functionally dependent on columns in GROUP BY clause; this is incompatible with sql_mode=only_full_group_by
	at org.springframework.jdbc.support.SQLExceptionSubclassTranslator.doTranslate(SQLExceptionSubclassTranslator.java:93)
	at org.springframework.jdbc.support.AbstractFallbackSQLExceptionTranslator.translate(AbstractFallbackSQLExceptionTranslator.java:70)
	at org.springframework.jdbc.support.AbstractFallbackSQLExceptionTranslator.translate(AbstractFallbackSQLExceptionTranslator.java:79)
	at org.mybatis.spring.MyBatisExceptionTranslator.translateExceptionIfPossible(MyBatisExceptionTranslator.java:91)
	at org.mybatis.spring.SqlSessionTemplate$SqlSessionInterceptor.invoke(SqlSessionTemplate.java:441)
	at com.sun.proxy.$Proxy97.selectList(Unknown Source)
	at org.mybatis.spring.SqlSessionTemplate.selectList(SqlSessionTemplate.java:224)
	at org.apache.ibatis.binding.MapperMethod.executeForMany(MapperMethod.java:147)
	at org.apache.ibatis.binding.MapperMethod.execute(MapperMethod.java:80)
	at org.apache.ibatis.binding.MapperProxy$PlainMethodInvoker.invoke(MapperProxy.java:152)
	at org.apache.ibatis.binding.MapperProxy.invoke(MapperProxy.java:85)
	at com.sun.proxy.$Proxy103.queryInProgressUserGroupBuyOrderDetailListByActivityId(Unknown Source)
	at cn.bugstack.infrastructure.adapter.repository.ActivityRepository.queryTeamStatisticByActivityId(ActivityRepository.java:237)
	at cn.bugstack.infrastructure.adapter.repository.ActivityRepository$$FastClassBySpringCGLIB$$2c08996a.invoke(<generated>)
	at org.springframework.cglib.proxy.MethodProxy.invoke(MethodProxy.java:218)
	at org.springframework.aop.framework.CglibAopProxy$CglibMethodInvocation.invokeJoinpoint(CglibAopProxy.java:793)
	at org.springframework.aop.framework.ReflectiveMethodInvocation.proceed(ReflectiveMethodInvocation.java:163)
	at org.springframework.aop.framework.CglibAopProxy$CglibMethodInvocation.proceed(CglibAopProxy.java:763)
	at org.springframework.dao.support.PersistenceExceptionTranslationInterceptor.invoke(PersistenceExceptionTranslationInterceptor.java:137)
	at org.springframework.aop.framework.ReflectiveMethodInvocation.proceed(ReflectiveMethodInvocation.java:186)
	at org.springframework.aop.framework.CglibAopProxy$CglibMethodInvocation.proceed(CglibAopProxy.java:763)
	at org.springframework.aop.framework.CglibAopProxy$DynamicAdvisedInterceptor.intercept(CglibAopProxy.java:708)
	at cn.bugstack.infrastructure.adapter.repository.ActivityRepository$$EnhancerBySpringCGLIB$$b1868f51.queryTeamStatisticByActivityId(<generated>)
	at cn.bugstack.domain.activity.service.IndexGroupBuyMarketServiceImpl.queryTeamStatisticByActivityId(IndexGroupBuyMarketServiceImpl.java:60)
	at cn.bugstack.trigger.http.MarketIndexController.queryGroupBuyMarketConfig(MarketIndexController.java:61)
	at sun.reflect.NativeMethodAccessorImpl.invoke0(Native Method)
	at sun.reflect.NativeMethodAccessorImpl.invoke(NativeMethodAccessorImpl.java:62)
	at sun.reflect.DelegatingMethodAccessorImpl.invoke(DelegatingMethodAccessorImpl.java:43)
	at java.lang.reflect.Method.invoke(Method.java:498)
	at org.springframework.web.method.support.InvocableHandlerMethod.doInvoke(InvocableHandlerMethod.java:205)
	at org.springframework.web.method.support.InvocableHandlerMethod.invokeForRequest(InvocableHandlerMethod.java:150)
	at org.springframework.web.servlet.mvc.method.annotation.ServletInvocableHandlerMethod.invokeAndHandle(ServletInvocableHandlerMethod.java:117)
	at org.springframework.web.servlet.mvc.method.annotation.RequestMappingHandlerAdapter.invokeHandlerMethod(RequestMappingHandlerAdapter.java:895)
	at org.springframework.web.servlet.mvc.method.annotation.RequestMappingHandlerAdapter.handleInternal(RequestMappingHandlerAdapter.java:808)
	at org.springframework.web.servlet.mvc.method.AbstractHandlerMethodAdapter.handle(AbstractHandlerMethodAdapter.java:87)
	at org.springframework.web.servlet.DispatcherServlet.doDispatch(DispatcherServlet.java:1072)
	at org.springframework.web.servlet.DispatcherServlet.doService(DispatcherServlet.java:965)
	at org.springframework.web.servlet.FrameworkServlet.processRequest(FrameworkServlet.java:1006)
	at org.springframework.web.servlet.FrameworkServlet.doPost(FrameworkServlet.java:909)
	at javax.servlet.http.HttpServlet.service(HttpServlet.java:555)
	at org.springframework.web.servlet.FrameworkServlet.service(FrameworkServlet.java:883)
	at javax.servlet.http.HttpServlet.service(HttpServlet.java:623)
	at org.apache.catalina.core.ApplicationFilterChain.internalDoFilter(ApplicationFilterChain.java:209)
	at org.apache.catalina.core.ApplicationFilterChain.doFilter(ApplicationFilterChain.java:153)
	at org.apache.tomcat.websocket.server.WsFilter.doFilter(WsFilter.java:51)
	at org.apache.catalina.core.ApplicationFilterChain.internalDoFilter(ApplicationFilterChain.java:178)
	at org.apache.catalina.core.ApplicationFilterChain.doFilter(ApplicationFilterChain.java:153)
	at org.springframework.web.filter.RequestContextFilter.doFilterInternal(RequestContextFilter.java:100)
	at org.springframework.web.filter.OncePerRequestFilter.doFilter(OncePerRequestFilter.java:117)
	at org.apache.catalina.core.ApplicationFilterChain.internalDoFilter(ApplicationFilterChain.java:178)
	at org.apache.catalina.core.ApplicationFilterChain.doFilter(ApplicationFilterChain.java:153)
	at org.springframework.web.filter.FormContentFilter.doFilterInternal(FormContentFilter.java:93)
	at org.springframework.web.filter.OncePerRequestFilter.doFilter(OncePerRequestFilter.java:117)
	at org.apache.catalina.core.ApplicationFilterChain.internalDoFilter(ApplicationFilterChain.java:178)
	at org.apache.catalina.core.ApplicationFilterChain.doFilter(ApplicationFilterChain.java:153)
	at org.springframework.boot.actuate.metrics.web.servlet.WebMvcMetricsFilter.doFilterInternal(WebMvcMetricsFilter.java:96)
	at org.springframework.web.filter.OncePerRequestFilter.doFilter(OncePerRequestFilter.java:117)
	at org.apache.catalina.core.ApplicationFilterChain.internalDoFilter(ApplicationFilterChain.java:178)
	at org.apache.catalina.core.ApplicationFilterChain.doFilter(ApplicationFilterChain.java:153)
	at org.springframework.web.filter.CharacterEncodingFilter.doFilterInternal(CharacterEncodingFilter.java:201)
	at org.springframework.web.filter.OncePerRequestFilter.doFilter(OncePerRequestFilter.java:117)
	at org.apache.catalina.core.ApplicationFilterChain.internalDoFilter(ApplicationFilterChain.java:178)
	at org.apache.catalina.core.ApplicationFilterChain.doFilter(ApplicationFilterChain.java:153)
	at org.apache.catalina.core.StandardWrapperValve.invoke(StandardWrapperValve.java:167)
	at org.apache.catalina.core.StandardContextValve.invoke(StandardContextValve.java:90)
	at org.apache.catalina.authenticator.AuthenticatorBase.invoke(AuthenticatorBase.java:481)
	at org.apache.catalina.core.StandardHostValve.invoke(StandardHostValve.java:130)
	at org.apache.catalina.valves.ErrorReportValve.invoke(ErrorReportValve.java:93)
	at org.apache.catalina.core.StandardEngineValve.invoke(StandardEngineValve.java:74)
	at org.apache.catalina.connector.CoyoteAdapter.service(CoyoteAdapter.java:343)
	at org.apache.coyote.http11.Http11Processor.service(Http11Processor.java:390)
	at org.apache.coyote.AbstractProcessorLight.process(AbstractProcessorLight.java:63)
	at org.apache.coyote.AbstractProtocol$ConnectionHandler.process(AbstractProtocol.java:926)
	at org.apache.tomcat.util.net.NioEndpoint$SocketProcessor.doRun(NioEndpoint.java:1791)
	at org.apache.tomcat.util.net.SocketProcessorBase.run(SocketProcessorBase.java:52)
	at org.apache.tomcat.util.threads.ThreadPoolExecutor.runWorker(ThreadPoolExecutor.java:1191)
	at org.apache.tomcat.util.threads.ThreadPoolExecutor$Worker.run(ThreadPoolExecutor.java:659)
	at org.apache.tomcat.util.threads.TaskThread$WrappingRunnable.run(TaskThread.java:61)
	at java.lang.Thread.run(Thread.java:750)
Caused by: java.sql.SQLSyntaxErrorException: Expression #1 of SELECT list is not in GROUP BY clause and contains nonaggregated column 'group_buy_market.group_buy_order_list.user_id' which is not functionally dependent on columns in GROUP BY clause; this is incompatible with sql_mode=only_full_group_by
	at com.mysql.cj.jdbc.exceptions.SQLError.createSQLException(SQLError.java:120)
	at com.mysql.cj.jdbc.exceptions.SQLError.createSQLException(SQLError.java:97)
	at com.mysql.cj.jdbc.exceptions.SQLExceptionsMapping.translateException(SQLExceptionsMapping.java:122)
	at com.mysql.cj.jdbc.ClientPreparedStatement.executeInternal(ClientPreparedStatement.java:953)
	at com.mysql.cj.jdbc.ClientPreparedStatement.execute(ClientPreparedStatement.java:370)
	at com.zaxxer.hikari.pool.ProxyPreparedStatement.execute(ProxyPreparedStatement.java:44)
	at com.zaxxer.hikari.pool.HikariProxyPreparedStatement.execute(HikariProxyPreparedStatement.java)
	at org.apache.ibatis.executor.statement.PreparedStatementHandler.query(PreparedStatementHandler.java:64)
	at org.apache.ibatis.executor.statement.RoutingStatementHandler.query(RoutingStatementHandler.java:79)
	at org.apache.ibatis.executor.SimpleExecutor.doQuery(SimpleExecutor.java:63)
	at org.apache.ibatis.executor.BaseExecutor.queryFromDatabase(BaseExecutor.java:325)
	at org.apache.ibatis.executor.BaseExecutor.query(BaseExecutor.java:156)
	at org.apache.ibatis.executor.CachingExecutor.query(CachingExecutor.java:109)
	at org.apache.ibatis.executor.CachingExecutor.query(CachingExecutor.java:89)
	at org.apache.ibatis.session.defaults.DefaultSqlSession.selectList(DefaultSqlSession.java:147)
	at org.apache.ibatis.session.defaults.DefaultSqlSession.selectList(DefaultSqlSession.java:140)
	at sun.reflect.NativeMethodAccessorImpl.invoke0(Native Method)
	at sun.reflect.NativeMethodAccessorImpl.invoke(NativeMethodAccessorImpl.java:62)
	at sun.reflect.DelegatingMethodAccessorImpl.invoke(DelegatingMethodAccessorImpl.java:43)
	at java.lang.reflect.Method.invoke(Method.java:498)
	at org.mybatis.spring.SqlSessionTemplate$SqlSessionInterceptor.invoke(SqlSessionTemplate.java:427)
	... 74 common frames omitted
26-03-03.20:52:55.966 [http-nio-8091-exec-5] INFO  MarketIndexController  - 查询拼团营销配置开始:xfg01 goodsId:9890001
26-03-03.20:52:55.967 [http-nio-8091-exec-5] INFO  RootNode               - 拼团商品查询试算服务-RootNode userId:xfg01 requestParameter:{"channel":"c01","goodsId":"9890001","source":"s01","userId":"xfg01"}
26-03-03.20:52:55.982 [http-nio-8091-exec-5] INFO  MarketNode             - 拼团商品查询试算服务-MarketNode userId:xfg01 异步线程加载数据「GroupBuyActivityDiscountVO、SkuVO」完成
26-03-03.20:52:55.983 [http-nio-8091-exec-5] INFO  MarketNode             - 拼团商品查询试算服务-MarketNode userId:xfg01 requestParameter:{"channel":"c01","goodsId":"9890001","source":"s01","userId":"xfg01"}
26-03-03.20:52:55.983 [http-nio-8091-exec-5] INFO  MarketNode             - 进入查询结点
26-03-03.20:52:55.986 [http-nio-8091-exec-5] INFO  EndNode                - 拼团商品查询试算服务-EndNode userId:xfg01 requestParameter:{"channel":"c01","goodsId":"9890001","source":"s01","userId":"xfg01"}
26-03-03.20:52:55.994 [http-nio-8091-exec-5] ERROR MarketIndexController  - 查询拼团营销配置失败:xfg01 goodsId:9890001
org.springframework.jdbc.BadSqlGrammarException: 
### Error querying database.  Cause: java.sql.SQLSyntaxErrorException: Expression #1 of SELECT list is not in GROUP BY clause and contains nonaggregated column 'group_buy_market.group_buy_order_list.user_id' which is not functionally dependent on columns in GROUP BY clause; this is incompatible with sql_mode=only_full_group_by
### The error may exist in file [E:\java_project\group_buy_market_ZFHZZ\group_buy_market_ZFHZZ-app\target\classes\mybatis\mapper\group_buy_order_list_mapper.xml]
### The error may involve cn.bugstack.infrastructure.dao.IGroupBuyOrderListDao.queryInProgressUserGroupBuyOrderDetailListByActivityId-Inline
### The error occurred while setting parameters
### SQL: select user_id, team_id, out_trade_no         from group_buy_order_list         where activity_id = ? and status in (0, 1)         group by team_id
### Cause: java.sql.SQLSyntaxErrorException: Expression #1 of SELECT list is not in GROUP BY clause and contains nonaggregated column 'group_buy_market.group_buy_order_list.user_id' which is not functionally dependent on columns in GROUP BY clause; this is incompatible with sql_mode=only_full_group_by
; bad SQL grammar []; nested exception is java.sql.SQLSyntaxErrorException: Expression #1 of SELECT list is not in GROUP BY clause and contains nonaggregated column 'group_buy_market.group_buy_order_list.user_id' which is not functionally dependent on columns in GROUP BY clause; this is incompatible with sql_mode=only_full_group_by
	at org.springframework.jdbc.support.SQLExceptionSubclassTranslator.doTranslate(SQLExceptionSubclassTranslator.java:93)
	at org.springframework.jdbc.support.AbstractFallbackSQLExceptionTranslator.translate(AbstractFallbackSQLExceptionTranslator.java:70)
	at org.springframework.jdbc.support.AbstractFallbackSQLExceptionTranslator.translate(AbstractFallbackSQLExceptionTranslator.java:79)
	at org.mybatis.spring.MyBatisExceptionTranslator.translateExceptionIfPossible(MyBatisExceptionTranslator.java:91)
	at org.mybatis.spring.SqlSessionTemplate$SqlSessionInterceptor.invoke(SqlSessionTemplate.java:441)
	at com.sun.proxy.$Proxy97.selectList(Unknown Source)
	at org.mybatis.spring.SqlSessionTemplate.selectList(SqlSessionTemplate.java:224)
	at org.apache.ibatis.binding.MapperMethod.executeForMany(MapperMethod.java:147)
	at org.apache.ibatis.binding.MapperMethod.execute(MapperMethod.java:80)
	at org.apache.ibatis.binding.MapperProxy$PlainMethodInvoker.invoke(MapperProxy.java:152)
	at org.apache.ibatis.binding.MapperProxy.invoke(MapperProxy.java:85)
	at com.sun.proxy.$Proxy103.queryInProgressUserGroupBuyOrderDetailListByActivityId(Unknown Source)
	at cn.bugstack.infrastructure.adapter.repository.ActivityRepository.queryTeamStatisticByActivityId(ActivityRepository.java:237)
	at cn.bugstack.infrastructure.adapter.repository.ActivityRepository$$FastClassBySpringCGLIB$$2c08996a.invoke(<generated>)
	at org.springframework.cglib.proxy.MethodProxy.invoke(MethodProxy.java:218)
	at org.springframework.aop.framework.CglibAopProxy$CglibMethodInvocation.invokeJoinpoint(CglibAopProxy.java:793)
	at org.springframework.aop.framework.ReflectiveMethodInvocation.proceed(ReflectiveMethodInvocation.java:163)
	at org.springframework.aop.framework.CglibAopProxy$CglibMethodInvocation.proceed(CglibAopProxy.java:763)
	at org.springframework.dao.support.PersistenceExceptionTranslationInterceptor.invoke(PersistenceExceptionTranslationInterceptor.java:137)
	at org.springframework.aop.framework.ReflectiveMethodInvocation.proceed(ReflectiveMethodInvocation.java:186)
	at org.springframework.aop.framework.CglibAopProxy$CglibMethodInvocation.proceed(CglibAopProxy.java:763)
	at org.springframework.aop.framework.CglibAopProxy$DynamicAdvisedInterceptor.intercept(CglibAopProxy.java:708)
	at cn.bugstack.infrastructure.adapter.repository.ActivityRepository$$EnhancerBySpringCGLIB$$b1868f51.queryTeamStatisticByActivityId(<generated>)
	at cn.bugstack.domain.activity.service.IndexGroupBuyMarketServiceImpl.queryTeamStatisticByActivityId(IndexGroupBuyMarketServiceImpl.java:60)
	at cn.bugstack.trigger.http.MarketIndexController.queryGroupBuyMarketConfig(MarketIndexController.java:61)
	at sun.reflect.NativeMethodAccessorImpl.invoke0(Native Method)
	at sun.reflect.NativeMethodAccessorImpl.invoke(NativeMethodAccessorImpl.java:62)
	at sun.reflect.DelegatingMethodAccessorImpl.invoke(DelegatingMethodAccessorImpl.java:43)
	at java.lang.reflect.Method.invoke(Method.java:498)
	at org.springframework.web.method.support.InvocableHandlerMethod.doInvoke(InvocableHandlerMethod.java:205)
	at org.springframework.web.method.support.InvocableHandlerMethod.invokeForRequest(InvocableHandlerMethod.java:150)
	at org.springframework.web.servlet.mvc.method.annotation.ServletInvocableHandlerMethod.invokeAndHandle(ServletInvocableHandlerMethod.java:117)
	at org.springframework.web.servlet.mvc.method.annotation.RequestMappingHandlerAdapter.invokeHandlerMethod(RequestMappingHandlerAdapter.java:895)
	at org.springframework.web.servlet.mvc.method.annotation.RequestMappingHandlerAdapter.handleInternal(RequestMappingHandlerAdapter.java:808)
	at org.springframework.web.servlet.mvc.method.AbstractHandlerMethodAdapter.handle(AbstractHandlerMethodAdapter.java:87)
	at org.springframework.web.servlet.DispatcherServlet.doDispatch(DispatcherServlet.java:1072)
	at org.springframework.web.servlet.DispatcherServlet.doService(DispatcherServlet.java:965)
	at org.springframework.web.servlet.FrameworkServlet.processRequest(FrameworkServlet.java:1006)
	at org.springframework.web.servlet.FrameworkServlet.doPost(FrameworkServlet.java:909)
	at javax.servlet.http.HttpServlet.service(HttpServlet.java:555)
	at org.springframework.web.servlet.FrameworkServlet.service(FrameworkServlet.java:883)
	at javax.servlet.http.HttpServlet.service(HttpServlet.java:623)
	at org.apache.catalina.core.ApplicationFilterChain.internalDoFilter(ApplicationFilterChain.java:209)
	at org.apache.catalina.core.ApplicationFilterChain.doFilter(ApplicationFilterChain.java:153)
	at org.apache.tomcat.websocket.server.WsFilter.doFilter(WsFilter.java:51)
	at org.apache.catalina.core.ApplicationFilterChain.internalDoFilter(ApplicationFilterChain.java:178)
	at org.apache.catalina.core.ApplicationFilterChain.doFilter(ApplicationFilterChain.java:153)
	at org.springframework.web.filter.RequestContextFilter.doFilterInternal(RequestContextFilter.java:100)
	at org.springframework.web.filter.OncePerRequestFilter.doFilter(OncePerRequestFilter.java:117)
	at org.apache.catalina.core.ApplicationFilterChain.internalDoFilter(ApplicationFilterChain.java:178)
	at org.apache.catalina.core.ApplicationFilterChain.doFilter(ApplicationFilterChain.java:153)
	at org.springframework.web.filter.FormContentFilter.doFilterInternal(FormContentFilter.java:93)
	at org.springframework.web.filter.OncePerRequestFilter.doFilter(OncePerRequestFilter.java:117)
	at org.apache.catalina.core.ApplicationFilterChain.internalDoFilter(ApplicationFilterChain.java:178)
	at org.apache.catalina.core.ApplicationFilterChain.doFilter(ApplicationFilterChain.java:153)
	at org.springframework.boot.actuate.metrics.web.servlet.WebMvcMetricsFilter.doFilterInternal(WebMvcMetricsFilter.java:96)
	at org.springframework.web.filter.OncePerRequestFilter.doFilter(OncePerRequestFilter.java:117)
	at org.apache.catalina.core.ApplicationFilterChain.internalDoFilter(ApplicationFilterChain.java:178)
	at org.apache.catalina.core.ApplicationFilterChain.doFilter(ApplicationFilterChain.java:153)
	at org.springframework.web.filter.CharacterEncodingFilter.doFilterInternal(CharacterEncodingFilter.java:201)
	at org.springframework.web.filter.OncePerRequestFilter.doFilter(OncePerRequestFilter.java:117)
	at org.apache.catalina.core.ApplicationFilterChain.internalDoFilter(ApplicationFilterChain.java:178)
	at org.apache.catalina.core.ApplicationFilterChain.doFilter(ApplicationFilterChain.java:153)
	at org.apache.catalina.core.StandardWrapperValve.invoke(StandardWrapperValve.java:167)
	at org.apache.catalina.core.StandardContextValve.invoke(StandardContextValve.java:90)
	at org.apache.catalina.authenticator.AuthenticatorBase.invoke(AuthenticatorBase.java:481)
	at org.apache.catalina.core.StandardHostValve.invoke(StandardHostValve.java:130)
	at org.apache.catalina.valves.ErrorReportValve.invoke(ErrorReportValve.java:93)
	at org.apache.catalina.core.StandardEngineValve.invoke(StandardEngineValve.java:74)
	at org.apache.catalina.connector.CoyoteAdapter.service(CoyoteAdapter.java:343)
	at org.apache.coyote.http11.Http11Processor.service(Http11Processor.java:390)
	at org.apache.coyote.AbstractProcessorLight.process(AbstractProcessorLight.java:63)
	at org.apache.coyote.AbstractProtocol$ConnectionHandler.process(AbstractProtocol.java:926)
	at org.apache.tomcat.util.net.NioEndpoint$SocketProcessor.doRun(NioEndpoint.java:1791)
	at org.apache.tomcat.util.net.SocketProcessorBase.run(SocketProcessorBase.java:52)
	at org.apache.tomcat.util.threads.ThreadPoolExecutor.runWorker(ThreadPoolExecutor.java:1191)
	at org.apache.tomcat.util.threads.ThreadPoolExecutor$Worker.run(ThreadPoolExecutor.java:659)
	at org.apache.tomcat.util.threads.TaskThread$WrappingRunnable.run(TaskThread.java:61)
	at java.lang.Thread.run(Thread.java:750)
Caused by: java.sql.SQLSyntaxErrorException: Expression #1 of SELECT list is not in GROUP BY clause and contains nonaggregated column 'group_buy_market.group_buy_order_list.user_id' which is not functionally dependent on columns in GROUP BY clause; this is incompatible with sql_mode=only_full_group_by
	at com.mysql.cj.jdbc.exceptions.SQLError.createSQLException(SQLError.java:120)
	at com.mysql.cj.jdbc.exceptions.SQLError.createSQLException(SQLError.java:97)
	at com.mysql.cj.jdbc.exceptions.SQLExceptionsMapping.translateException(SQLExceptionsMapping.java:122)
	at com.mysql.cj.jdbc.ClientPreparedStatement.executeInternal(ClientPreparedStatement.java:953)
	at com.mysql.cj.jdbc.ClientPreparedStatement.execute(ClientPreparedStatement.java:370)
	at com.zaxxer.hikari.pool.ProxyPreparedStatement.execute(ProxyPreparedStatement.java:44)
	at com.zaxxer.hikari.pool.HikariProxyPreparedStatement.execute(HikariProxyPreparedStatement.java)
	at org.apache.ibatis.executor.statement.PreparedStatementHandler.query(PreparedStatementHandler.java:64)
	at org.apache.ibatis.executor.statement.RoutingStatementHandler.query(RoutingStatementHandler.java:79)
	at org.apache.ibatis.executor.SimpleExecutor.doQuery(SimpleExecutor.java:63)
	at org.apache.ibatis.executor.BaseExecutor.queryFromDatabase(BaseExecutor.java:325)
	at org.apache.ibatis.executor.BaseExecutor.query(BaseExecutor.java:156)
	at org.apache.ibatis.executor.CachingExecutor.query(CachingExecutor.java:109)
	at org.apache.ibatis.executor.CachingExecutor.query(CachingExecutor.java:89)
	at org.apache.ibatis.session.defaults.DefaultSqlSession.selectList(DefaultSqlSession.java:147)
	at org.apache.ibatis.session.defaults.DefaultSqlSession.selectList(DefaultSqlSession.java:140)
	at sun.reflect.NativeMethodAccessorImpl.invoke0(Native Method)
	at sun.reflect.NativeMethodAccessorImpl.invoke(NativeMethodAccessorImpl.java:62)
	at sun.reflect.DelegatingMethodAccessorImpl.invoke(DelegatingMethodAccessorImpl.java:43)
	at java.lang.reflect.Method.invoke(Method.java:498)
	at org.mybatis.spring.SqlSessionTemplate$SqlSessionInterceptor.invoke(SqlSessionTemplate.java:427)
	... 74 common frames omitted
26-03-03.20:55:23.108 [http-nio-8091-exec-3] INFO  MarketIndexController  - 查询拼团营销配置开始:xfg01 goodsId:9890001
26-03-03.20:55:23.109 [http-nio-8091-exec-3] INFO  RootNode               - 拼团商品查询试算服务-RootNode userId:xfg01 requestParameter:{"channel":"c01","goodsId":"9890001","source":"s01","userId":"xfg01"}
26-03-03.20:55:23.119 [http-nio-8091-exec-3] INFO  MarketNode             - 拼团商品查询试算服务-MarketNode userId:xfg01 异步线程加载数据「GroupBuyActivityDiscountVO、SkuVO」完成
26-03-03.20:55:23.119 [http-nio-8091-exec-3] INFO  MarketNode             - 拼团商品查询试算服务-MarketNode userId:xfg01 requestParameter:{"channel":"c01","goodsId":"9890001","source":"s01","userId":"xfg01"}
26-03-03.20:55:23.119 [http-nio-8091-exec-3] INFO  MarketNode             - 进入查询结点
26-03-03.20:55:23.122 [http-nio-8091-exec-3] INFO  EndNode                - 拼团商品查询试算服务-EndNode userId:xfg01 requestParameter:{"channel":"c01","goodsId":"9890001","source":"s01","userId":"xfg01"}
26-03-03.20:55:23.129 [http-nio-8091-exec-3] ERROR MarketIndexController  - 查询拼团营销配置失败:xfg01 goodsId:9890001
org.springframework.jdbc.BadSqlGrammarException: 
### Error querying database.  Cause: java.sql.SQLSyntaxErrorException: Expression #1 of SELECT list is not in GROUP BY clause and contains nonaggregated column 'group_buy_market.group_buy_order_list.user_id' which is not functionally dependent on columns in GROUP BY clause; this is incompatible with sql_mode=only_full_group_by
### The error may exist in file [E:\java_project\group_buy_market_ZFHZZ\group_buy_market_ZFHZZ-app\target\classes\mybatis\mapper\group_buy_order_list_mapper.xml]
### The error may involve cn.bugstack.infrastructure.dao.IGroupBuyOrderListDao.queryInProgressUserGroupBuyOrderDetailListByActivityId-Inline
### The error occurred while setting parameters
### SQL: select user_id, team_id, out_trade_no         from group_buy_order_list         where activity_id = ? and status in (0, 1)         group by team_id
### Cause: java.sql.SQLSyntaxErrorException: Expression #1 of SELECT list is not in GROUP BY clause and contains nonaggregated column 'group_buy_market.group_buy_order_list.user_id' which is not functionally dependent on columns in GROUP BY clause; this is incompatible with sql_mode=only_full_group_by
; bad SQL grammar []; nested exception is java.sql.SQLSyntaxErrorException: Expression #1 of SELECT list is not in GROUP BY clause and contains nonaggregated column 'group_buy_market.group_buy_order_list.user_id' which is not functionally dependent on columns in GROUP BY clause; this is incompatible with sql_mode=only_full_group_by
	at org.springframework.jdbc.support.SQLExceptionSubclassTranslator.doTranslate(SQLExceptionSubclassTranslator.java:93)
	at org.springframework.jdbc.support.AbstractFallbackSQLExceptionTranslator.translate(AbstractFallbackSQLExceptionTranslator.java:70)
	at org.springframework.jdbc.support.AbstractFallbackSQLExceptionTranslator.translate(AbstractFallbackSQLExceptionTranslator.java:79)
	at org.mybatis.spring.MyBatisExceptionTranslator.translateExceptionIfPossible(MyBatisExceptionTranslator.java:91)
	at org.mybatis.spring.SqlSessionTemplate$SqlSessionInterceptor.invoke(SqlSessionTemplate.java:441)
	at com.sun.proxy.$Proxy97.selectList(Unknown Source)
	at org.mybatis.spring.SqlSessionTemplate.selectList(SqlSessionTemplate.java:224)
	at org.apache.ibatis.binding.MapperMethod.executeForMany(MapperMethod.java:147)
	at org.apache.ibatis.binding.MapperMethod.execute(MapperMethod.java:80)
	at org.apache.ibatis.binding.MapperProxy$PlainMethodInvoker.invoke(MapperProxy.java:152)
	at org.apache.ibatis.binding.MapperProxy.invoke(MapperProxy.java:85)
	at com.sun.proxy.$Proxy103.queryInProgressUserGroupBuyOrderDetailListByActivityId(Unknown Source)
	at cn.bugstack.infrastructure.adapter.repository.ActivityRepository.queryTeamStatisticByActivityId(ActivityRepository.java:237)
	at cn.bugstack.infrastructure.adapter.repository.ActivityRepository$$FastClassBySpringCGLIB$$2c08996a.invoke(<generated>)
	at org.springframework.cglib.proxy.MethodProxy.invoke(MethodProxy.java:218)
	at org.springframework.aop.framework.CglibAopProxy$CglibMethodInvocation.invokeJoinpoint(CglibAopProxy.java:793)
	at org.springframework.aop.framework.ReflectiveMethodInvocation.proceed(ReflectiveMethodInvocation.java:163)
	at org.springframework.aop.framework.CglibAopProxy$CglibMethodInvocation.proceed(CglibAopProxy.java:763)
	at org.springframework.dao.support.PersistenceExceptionTranslationInterceptor.invoke(PersistenceExceptionTranslationInterceptor.java:137)
	at org.springframework.aop.framework.ReflectiveMethodInvocation.proceed(ReflectiveMethodInvocation.java:186)
	at org.springframework.aop.framework.CglibAopProxy$CglibMethodInvocation.proceed(CglibAopProxy.java:763)
	at org.springframework.aop.framework.CglibAopProxy$DynamicAdvisedInterceptor.intercept(CglibAopProxy.java:708)
	at cn.bugstack.infrastructure.adapter.repository.ActivityRepository$$EnhancerBySpringCGLIB$$b1868f51.queryTeamStatisticByActivityId(<generated>)
	at cn.bugstack.domain.activity.service.IndexGroupBuyMarketServiceImpl.queryTeamStatisticByActivityId(IndexGroupBuyMarketServiceImpl.java:60)
	at cn.bugstack.trigger.http.MarketIndexController.queryGroupBuyMarketConfig(MarketIndexController.java:61)
	at sun.reflect.NativeMethodAccessorImpl.invoke0(Native Method)
	at sun.reflect.NativeMethodAccessorImpl.invoke(NativeMethodAccessorImpl.java:62)
	at sun.reflect.DelegatingMethodAccessorImpl.invoke(DelegatingMethodAccessorImpl.java:43)
	at java.lang.reflect.Method.invoke(Method.java:498)
	at org.springframework.web.method.support.InvocableHandlerMethod.doInvoke(InvocableHandlerMethod.java:205)
	at org.springframework.web.method.support.InvocableHandlerMethod.invokeForRequest(InvocableHandlerMethod.java:150)
	at org.springframework.web.servlet.mvc.method.annotation.ServletInvocableHandlerMethod.invokeAndHandle(ServletInvocableHandlerMethod.java:117)
	at org.springframework.web.servlet.mvc.method.annotation.RequestMappingHandlerAdapter.invokeHandlerMethod(RequestMappingHandlerAdapter.java:895)
	at org.springframework.web.servlet.mvc.method.annotation.RequestMappingHandlerAdapter.handleInternal(RequestMappingHandlerAdapter.java:808)
	at org.springframework.web.servlet.mvc.method.AbstractHandlerMethodAdapter.handle(AbstractHandlerMethodAdapter.java:87)
	at org.springframework.web.servlet.DispatcherServlet.doDispatch(DispatcherServlet.java:1072)
	at org.springframework.web.servlet.DispatcherServlet.doService(DispatcherServlet.java:965)
	at org.springframework.web.servlet.FrameworkServlet.processRequest(FrameworkServlet.java:1006)
	at org.springframework.web.servlet.FrameworkServlet.doPost(FrameworkServlet.java:909)
	at javax.servlet.http.HttpServlet.service(HttpServlet.java:555)
	at org.springframework.web.servlet.FrameworkServlet.service(FrameworkServlet.java:883)
	at javax.servlet.http.HttpServlet.service(HttpServlet.java:623)
	at org.apache.catalina.core.ApplicationFilterChain.internalDoFilter(ApplicationFilterChain.java:209)
	at org.apache.catalina.core.ApplicationFilterChain.doFilter(ApplicationFilterChain.java:153)
	at org.apache.tomcat.websocket.server.WsFilter.doFilter(WsFilter.java:51)
	at org.apache.catalina.core.ApplicationFilterChain.internalDoFilter(ApplicationFilterChain.java:178)
	at org.apache.catalina.core.ApplicationFilterChain.doFilter(ApplicationFilterChain.java:153)
	at org.springframework.web.filter.RequestContextFilter.doFilterInternal(RequestContextFilter.java:100)
	at org.springframework.web.filter.OncePerRequestFilter.doFilter(OncePerRequestFilter.java:117)
	at org.apache.catalina.core.ApplicationFilterChain.internalDoFilter(ApplicationFilterChain.java:178)
	at org.apache.catalina.core.ApplicationFilterChain.doFilter(ApplicationFilterChain.java:153)
	at org.springframework.web.filter.FormContentFilter.doFilterInternal(FormContentFilter.java:93)
	at org.springframework.web.filter.OncePerRequestFilter.doFilter(OncePerRequestFilter.java:117)
	at org.apache.catalina.core.ApplicationFilterChain.internalDoFilter(ApplicationFilterChain.java:178)
	at org.apache.catalina.core.ApplicationFilterChain.doFilter(ApplicationFilterChain.java:153)
	at org.springframework.boot.actuate.metrics.web.servlet.WebMvcMetricsFilter.doFilterInternal(WebMvcMetricsFilter.java:96)
	at org.springframework.web.filter.OncePerRequestFilter.doFilter(OncePerRequestFilter.java:117)
	at org.apache.catalina.core.ApplicationFilterChain.internalDoFilter(ApplicationFilterChain.java:178)
	at org.apache.catalina.core.ApplicationFilterChain.doFilter(ApplicationFilterChain.java:153)
	at org.springframework.web.filter.CharacterEncodingFilter.doFilterInternal(CharacterEncodingFilter.java:201)
	at org.springframework.web.filter.OncePerRequestFilter.doFilter(OncePerRequestFilter.java:117)
	at org.apache.catalina.core.ApplicationFilterChain.internalDoFilter(ApplicationFilterChain.java:178)
	at org.apache.catalina.core.ApplicationFilterChain.doFilter(ApplicationFilterChain.java:153)
	at org.apache.catalina.core.StandardWrapperValve.invoke(StandardWrapperValve.java:167)
	at org.apache.catalina.core.StandardContextValve.invoke(StandardContextValve.java:90)
	at org.apache.catalina.authenticator.AuthenticatorBase.invoke(AuthenticatorBase.java:481)
	at org.apache.catalina.core.StandardHostValve.invoke(StandardHostValve.java:130)
	at org.apache.catalina.valves.ErrorReportValve.invoke(ErrorReportValve.java:93)
	at org.apache.catalina.core.StandardEngineValve.invoke(StandardEngineValve.java:74)
	at org.apache.catalina.connector.CoyoteAdapter.service(CoyoteAdapter.java:343)
	at org.apache.coyote.http11.Http11Processor.service(Http11Processor.java:390)
	at org.apache.coyote.AbstractProcessorLight.process(AbstractProcessorLight.java:63)
	at org.apache.coyote.AbstractProtocol$ConnectionHandler.process(AbstractProtocol.java:926)
	at org.apache.tomcat.util.net.NioEndpoint$SocketProcessor.doRun(NioEndpoint.java:1791)
	at org.apache.tomcat.util.net.SocketProcessorBase.run(SocketProcessorBase.java:52)
	at org.apache.tomcat.util.threads.ThreadPoolExecutor.runWorker(ThreadPoolExecutor.java:1191)
	at org.apache.tomcat.util.threads.ThreadPoolExecutor$Worker.run(ThreadPoolExecutor.java:659)
	at org.apache.tomcat.util.threads.TaskThread$WrappingRunnable.run(TaskThread.java:61)
	at java.lang.Thread.run(Thread.java:750)
Caused by: java.sql.SQLSyntaxErrorException: Expression #1 of SELECT list is not in GROUP BY clause and contains nonaggregated column 'group_buy_market.group_buy_order_list.user_id' which is not functionally dependent on columns in GROUP BY clause; this is incompatible with sql_mode=only_full_group_by
	at com.mysql.cj.jdbc.exceptions.SQLError.createSQLException(SQLError.java:120)
	at com.mysql.cj.jdbc.exceptions.SQLError.createSQLException(SQLError.java:97)
	at com.mysql.cj.jdbc.exceptions.SQLExceptionsMapping.translateException(SQLExceptionsMapping.java:122)
	at com.mysql.cj.jdbc.ClientPreparedStatement.executeInternal(ClientPreparedStatement.java:953)
	at com.mysql.cj.jdbc.ClientPreparedStatement.execute(ClientPreparedStatement.java:370)
	at com.zaxxer.hikari.pool.ProxyPreparedStatement.execute(ProxyPreparedStatement.java:44)
	at com.zaxxer.hikari.pool.HikariProxyPreparedStatement.execute(HikariProxyPreparedStatement.java)
	at org.apache.ibatis.executor.statement.PreparedStatementHandler.query(PreparedStatementHandler.java:64)
	at org.apache.ibatis.executor.statement.RoutingStatementHandler.query(RoutingStatementHandler.java:79)
	at org.apache.ibatis.executor.SimpleExecutor.doQuery(SimpleExecutor.java:63)
	at org.apache.ibatis.executor.BaseExecutor.queryFromDatabase(BaseExecutor.java:325)
	at org.apache.ibatis.executor.BaseExecutor.query(BaseExecutor.java:156)
	at org.apache.ibatis.executor.CachingExecutor.query(CachingExecutor.java:109)
	at org.apache.ibatis.executor.CachingExecutor.query(CachingExecutor.java:89)
	at org.apache.ibatis.session.defaults.DefaultSqlSession.selectList(DefaultSqlSession.java:147)
	at org.apache.ibatis.session.defaults.DefaultSqlSession.selectList(DefaultSqlSession.java:140)
	at sun.reflect.NativeMethodAccessorImpl.invoke0(Native Method)
	at sun.reflect.NativeMethodAccessorImpl.invoke(NativeMethodAccessorImpl.java:62)
	at sun.reflect.DelegatingMethodAccessorImpl.invoke(DelegatingMethodAccessorImpl.java:43)
	at java.lang.reflect.Method.invoke(Method.java:498)
	at org.mybatis.spring.SqlSessionTemplate$SqlSessionInterceptor.invoke(SqlSessionTemplate.java:427)
	... 74 common frames omitted
26-03-03.20:55:28.117 [SpringApplicationShutdownHook] INFO  HikariDataSource       - HikariPool-1 - Shutdown initiated...
26-03-03.20:55:28.169 [SpringApplicationShutdownHook] INFO  HikariDataSource       - HikariPool-1 - Shutdown completed.
26-03-03.20:55:31.566 [main            ] INFO  Application            - Starting Application using Java 1.8.0_391 on LAPTOP-EK831I6O with PID 33924 (E:\java_project\group_buy_market_ZFHZZ\group_buy_market_ZFHZZ-app\target\classes started by ZFHZZ in E:\java_project\group_buy_market_ZFHZZ)
26-03-03.20:55:31.567 [main            ] INFO  Application            - The following 1 profile is active: "dev"
26-03-03.20:55:32.055 [main            ] INFO  RepositoryConfigurationDelegate - Multiple Spring Data modules found, entering strict repository configuration mode
26-03-03.20:55:32.056 [main            ] INFO  RepositoryConfigurationDelegate - Bootstrapping Spring Data Redis repositories in DEFAULT mode.
26-03-03.20:55:32.083 [main            ] INFO  RepositoryConfigurationDelegate - Finished Spring Data repository scanning in 20 ms. Found 0 Redis repository interfaces.
26-03-03.20:55:32.214 [main            ] INFO  PostProcessorRegistrationDelegate$BeanPostProcessorChecker - Bean 'redisClientConfig' of type [cn.bugstack.config.RedisClientConfig$$EnhancerBySpringCGLIB$$27f0fe1] is not eligible for getting processed by all BeanPostProcessors (for example: not eligible for auto-proxying)
26-03-03.20:55:32.245 [main            ] INFO  PostProcessorRegistrationDelegate$BeanPostProcessorChecker - Bean 'redis.sdk.config-cn.bugstack.config.RedisClientConfigProperties' of type [cn.bugstack.config.RedisClientConfigProperties] is not eligible for getting processed by all BeanPostProcessors (for example: not eligible for auto-proxying)
26-03-03.20:55:32.357 [main            ] INFO  Version                - Redisson 3.26.0
26-03-03.20:55:32.894 [redisson-netty-1-4] INFO  ConnectionsHolder      - 1 connections initialized for 192.168.3.245/192.168.3.245:16379
26-03-03.20:55:32.919 [redisson-netty-1-13] INFO  ConnectionsHolder      - 5 connections initialized for 192.168.3.245/192.168.3.245:16379
26-03-03.20:55:32.957 [main            ] INFO  PostProcessorRegistrationDelegate$BeanPostProcessorChecker - Bean 'redissonClient' of type [org.redisson.Redisson] is not eligible for getting processed by all BeanPostProcessors (for example: not eligible for auto-proxying)
26-03-03.20:55:33.069 [main            ] INFO  TomcatWebServer        - Tomcat initialized with port(s): 8091 (http)
26-03-03.20:55:33.073 [main            ] INFO  Http11NioProtocol      - Initializing ProtocolHandler ["http-nio-8091"]
26-03-03.20:55:33.074 [main            ] INFO  StandardService        - Starting service [Tomcat]
26-03-03.20:55:33.074 [main            ] INFO  StandardEngine         - Starting Servlet engine: [Apache Tomcat/9.0.75]
26-03-03.20:55:33.158 [main            ] INFO  [/]                    - Initializing Spring embedded WebApplicationContext
26-03-03.20:55:33.158 [main            ] INFO  ServletWebServerApplicationContext - Root WebApplicationContext: initialization completed in 1570 ms
26-03-03.20:55:34.306 [main            ] INFO  EndpointLinksResolver  - Exposing 1 endpoint(s) beneath base path '/actuator'
26-03-03.20:55:34.320 [main            ] INFO  Http11NioProtocol      - Starting ProtocolHandler ["http-nio-8091"]
26-03-03.20:55:34.327 [main            ] INFO  TomcatWebServer        - Tomcat started on port(s): 8091 (http) with context path ''
26-03-03.20:55:34.335 [main            ] INFO  Application            - Started Application in 3.005 seconds (JVM running for 3.798)
26-03-03.20:55:35.224 [RMI TCP Connection(3)-192.168.3.245] INFO  HikariDataSource       - HikariPool-1 - Starting...
26-03-03.20:55:35.436 [RMI TCP Connection(3)-192.168.3.245] INFO  HikariDataSource       - HikariPool-1 - Start completed.
26-03-03.20:55:35.967 [RMI TCP Connection(5)-192.168.3.245] INFO  [/]                    - Initializing Spring DispatcherServlet 'dispatcherServlet'
26-03-03.20:55:35.967 [RMI TCP Connection(5)-192.168.3.245] INFO  DispatcherServlet      - Initializing Servlet 'dispatcherServlet'
26-03-03.20:55:35.969 [RMI TCP Connection(5)-192.168.3.245] INFO  DispatcherServlet      - Completed initialization in 1 ms
26-03-03.20:55:46.574 [http-nio-8091-exec-1] INFO  MarketIndexController  - 查询拼团营销配置开始:xfg01 goodsId:9890001
26-03-03.20:55:46.637 [http-nio-8091-exec-1] INFO  RootNode               - 拼团商品查询试算服务-RootNode userId:xfg01 requestParameter:{"channel":"c01","goodsId":"9890001","source":"s01","userId":"xfg01"}
26-03-03.20:55:46.712 [http-nio-8091-exec-1] INFO  MarketNode             - 拼团商品查询试算服务-MarketNode userId:xfg01 异步线程加载数据「GroupBuyActivityDiscountVO、SkuVO」完成
26-03-03.20:55:46.712 [http-nio-8091-exec-1] INFO  MarketNode             - 拼团商品查询试算服务-MarketNode userId:xfg01 requestParameter:{"channel":"c01","goodsId":"9890001","source":"s01","userId":"xfg01"}
26-03-03.20:55:46.712 [http-nio-8091-exec-1] INFO  MarketNode             - 进入查询结点
26-03-03.20:55:46.724 [http-nio-8091-exec-1] INFO  EndNode                - 拼团商品查询试算服务-EndNode userId:xfg01 requestParameter:{"channel":"c01","goodsId":"9890001","source":"s01","userId":"xfg01"}
26-03-03.20:55:46.787 [http-nio-8091-exec-1] INFO  MarketIndexController  - 查询拼团营销配置完成:xfg01 goodsId:9890001 response:{"code":"0000","data":{"goods":{"deductionPrice":10.00,"goodsId":"9890001","originalPrice":100.00,"payPrice":90.00},"teamList":[{"activityId":100123,"completeCount":0,"lockCount":1,"outTradeNo":"502810822221","targetCount":3,"teamId":"77410837","userId":"xfg01","validEndTime":1772545769000,"validStartTime":1772542169000,"validTimeCountdown":"00:53:42"},{"activityId":100123,"completeCount":0,"lockCount":1,"targetCount":3,"teamId":"11518556","userId":"xfg09","validEndTime":1772545769000,"validStartTime":1772542169000,"validTimeCountdown":"00:53:42"},{"activityId":100123,"completeCount":0,"lockCount":1,"targetCount":3,"teamId":"72136158","userId":"xfg08","validEndTime":1772545769000,"validStartTime":1772542169000,"validTimeCountdown":"00:53:42"}],"teamStatistic":{"allTeamCompleteCount":0,"allTeamCount":9,"allTeamUserCount":9}},"info":"成功"}
26-03-03.20:56:57.749 [SpringApplicationShutdownHook] INFO  HikariDataSource       - HikariPool-1 - Shutdown initiated...
26-03-03.20:56:57.763 [SpringApplicationShutdownHook] INFO  HikariDataSource       - HikariPool-1 - Shutdown completed.
