26-02-25.16:40:42.854 [main            ] INFO  IIndexGroupBuyMarketServiceTest - Starting IIndexGroupBuyMarketServiceTest using Java 1.8.0_391 on LAPTOP-EK831I6O with PID 33728 (started by ZFHZZ in E:\java_project\group_buy_market_ZFHZZ\group_buy_market_ZFHZZ-app)
26-02-25.16:40:42.855 [main            ] INFO  IIndexGroupBuyMarketServiceTest - The following 1 profile is active: "dev"
26-02-25.16:40:43.849 [main            ] WARN  GenericWebApplicationContext - Exception encountered during context initialization - cancelling refresh attempt: org.springframework.beans.factory.BeanCreationException: Error creating bean with name 'indexGroupBuyMarketServiceImpl': Injection of resource dependencies failed; nested exception is org.springframework.beans.factory.UnsatisfiedDependencyException: Error creating bean with name 'defaultActivityStrategyFactory' defined in file [E:\java_project\group_buy_market_ZFHZZ\group_buy_market_ZFHZZ-domain\target\classes\cn\bugstack\domain\activity\service\trial\factory\DefaultActivityStrategyFactory.class]: Unsatisfied dependency expressed through constructor parameter 0; nested exception is org.springframework.beans.factory.BeanCreationException: Error creating bean with name 'rootNode': Injection of resource dependencies failed; nested exception is org.springframework.beans.factory.NoSuchBeanDefinitionException: No qualifying bean of type 'cn.bugstack.domain.activity.adapter.repository.IActivityRepository' available: expected at least 1 bean which qualifies as autowire candidate. Dependency annotations: {@javax.annotation.Resource(shareable=true, lookup=, name=, description=, authenticationType=CONTAINER, type=class java.lang.Object, mappedName=)}
26-02-25.16:40:43.856 [main            ] INFO  ConditionEvaluationReportLoggingListener - 

Error starting ApplicationContext. To display the conditions report re-run your application with 'debug' enabled.
26-02-25.16:40:43.870 [main            ] ERROR LoggingFailureAnalysisReporter - 

***************************
APPLICATION FAILED TO START
***************************

Description:

Parameter 0 of constructor in cn.bugstack.domain.activity.service.trial.factory.DefaultActivityStrategyFactory required a bean of type 'cn.bugstack.domain.activity.adapter.repository.IActivityRepository' that could not be found.


Action:

Consider defining a bean of type 'cn.bugstack.domain.activity.adapter.repository.IActivityRepository' in your configuration.

26-02-25.16:40:43.872 [main            ] ERROR TestContextManager     - Caught exception while allowing TestExecutionListener [org.springframework.test.context.web.ServletTestExecutionListener@6f03482] to prepare test instance [cn.bugstack.test.domain.activity.IIndexGroupBuyMarketServiceTest@15fb7a32]
java.lang.IllegalStateException: Failed to load ApplicationContext
	at org.springframework.test.context.cache.DefaultCacheAwareContextLoaderDelegate.loadContext(DefaultCacheAwareContextLoaderDelegate.java:98)
	at org.springframework.test.context.support.DefaultTestContext.getApplicationContext(DefaultTestContext.java:124)
	at org.springframework.test.context.web.ServletTestExecutionListener.setUpRequestContextIfNecessary(ServletTestExecutionListener.java:190)
	at org.springframework.test.context.web.ServletTestExecutionListener.prepareTestInstance(ServletTestExecutionListener.java:132)
	at org.springframework.test.context.TestContextManager.prepareTestInstance(TestContextManager.java:248)
	at org.springframework.test.context.junit4.SpringJUnit4ClassRunner.createTest(SpringJUnit4ClassRunner.java:227)
	at org.springframework.test.context.junit4.SpringJUnit4ClassRunner$1.runReflectiveCall(SpringJUnit4ClassRunner.java:289)
	at org.junit.internal.runners.model.ReflectiveCallable.run(ReflectiveCallable.java:12)
	at org.springframework.test.context.junit4.SpringJUnit4ClassRunner.methodBlock(SpringJUnit4ClassRunner.java:291)
	at org.springframework.test.context.junit4.SpringJUnit4ClassRunner.runChild(SpringJUnit4ClassRunner.java:246)
	at org.springframework.test.context.junit4.SpringJUnit4ClassRunner.runChild(SpringJUnit4ClassRunner.java:97)
	at org.junit.runners.ParentRunner$4.run(ParentRunner.java:331)
	at org.junit.runners.ParentRunner$1.schedule(ParentRunner.java:79)
	at org.junit.runners.ParentRunner.runChildren(ParentRunner.java:329)
	at org.junit.runners.ParentRunner.access$100(ParentRunner.java:66)
	at org.junit.runners.ParentRunner$2.evaluate(ParentRunner.java:293)
	at org.springframework.test.context.junit4.statements.RunBeforeTestClassCallbacks.evaluate(RunBeforeTestClassCallbacks.java:61)
	at org.springframework.test.context.junit4.statements.RunAfterTestClassCallbacks.evaluate(RunAfterTestClassCallbacks.java:70)
	at org.junit.runners.ParentRunner$3.evaluate(ParentRunner.java:306)
	at org.junit.runners.ParentRunner.run(ParentRunner.java:413)
	at org.springframework.test.context.junit4.SpringJUnit4ClassRunner.run(SpringJUnit4ClassRunner.java:190)
	at org.junit.runner.JUnitCore.run(JUnitCore.java:137)
	at com.intellij.junit4.JUnit4IdeaTestRunner.startRunnerWithArgs(JUnit4IdeaTestRunner.java:69)
	at com.intellij.rt.junit.IdeaTestRunner$Repeater$1.execute(IdeaTestRunner.java:38)
	at com.intellij.rt.execution.junit.TestsRepeater.repeat(TestsRepeater.java:11)
	at com.intellij.rt.junit.IdeaTestRunner$Repeater.startRunnerWithArgs(IdeaTestRunner.java:35)
	at com.intellij.rt.junit.JUnitStarter.prepareStreamsAndStart(JUnitStarter.java:237)
	at com.intellij.rt.junit.JUnitStarter.main(JUnitStarter.java:58)
Caused by: org.springframework.beans.factory.BeanCreationException: Error creating bean with name 'indexGroupBuyMarketServiceImpl': Injection of resource dependencies failed; nested exception is org.springframework.beans.factory.UnsatisfiedDependencyException: Error creating bean with name 'defaultActivityStrategyFactory' defined in file [E:\java_project\group_buy_market_ZFHZZ\group_buy_market_ZFHZZ-domain\target\classes\cn\bugstack\domain\activity\service\trial\factory\DefaultActivityStrategyFactory.class]: Unsatisfied dependency expressed through constructor parameter 0; nested exception is org.springframework.beans.factory.BeanCreationException: Error creating bean with name 'rootNode': Injection of resource dependencies failed; nested exception is org.springframework.beans.factory.NoSuchBeanDefinitionException: No qualifying bean of type 'cn.bugstack.domain.activity.adapter.repository.IActivityRepository' available: expected at least 1 bean which qualifies as autowire candidate. Dependency annotations: {@javax.annotation.Resource(shareable=true, lookup=, name=, description=, authenticationType=CONTAINER, type=class java.lang.Object, mappedName=)}
	at org.springframework.context.annotation.CommonAnnotationBeanPostProcessor.postProcessProperties(CommonAnnotationBeanPostProcessor.java:332)
	at org.springframework.beans.factory.support.AbstractAutowireCapableBeanFactory.populateBean(AbstractAutowireCapableBeanFactory.java:1431)
	at org.springframework.beans.factory.support.AbstractAutowireCapableBeanFactory.doCreateBean(AbstractAutowireCapableBeanFactory.java:619)
	at org.springframework.beans.factory.support.AbstractAutowireCapableBeanFactory.createBean(AbstractAutowireCapableBeanFactory.java:542)
	at org.springframework.beans.factory.support.AbstractBeanFactory.lambda$doGetBean$0(AbstractBeanFactory.java:335)
	at org.springframework.beans.factory.support.DefaultSingletonBeanRegistry.getSingleton(DefaultSingletonBeanRegistry.java:234)
	at org.springframework.beans.factory.support.AbstractBeanFactory.doGetBean(AbstractBeanFactory.java:333)
	at org.springframework.beans.factory.support.AbstractBeanFactory.getBean(AbstractBeanFactory.java:208)
	at org.springframework.beans.factory.support.DefaultListableBeanFactory.preInstantiateSingletons(DefaultListableBeanFactory.java:955)
	at org.springframework.context.support.AbstractApplicationContext.finishBeanFactoryInitialization(AbstractApplicationContext.java:920)
	at org.springframework.context.support.AbstractApplicationContext.refresh(AbstractApplicationContext.java:583)
	at org.springframework.boot.SpringApplication.refresh(SpringApplication.java:731)
	at org.springframework.boot.SpringApplication.refreshContext(SpringApplication.java:408)
	at org.springframework.boot.SpringApplication.run(SpringApplication.java:307)
	at org.springframework.boot.test.context.SpringBootContextLoader.loadContext(SpringBootContextLoader.java:136)
	at org.springframework.test.context.cache.DefaultCacheAwareContextLoaderDelegate.loadContextInternal(DefaultCacheAwareContextLoaderDelegate.java:141)
	at org.springframework.test.context.cache.DefaultCacheAwareContextLoaderDelegate.loadContext(DefaultCacheAwareContextLoaderDelegate.java:90)
	... 27 common frames omitted
Caused by: org.springframework.beans.factory.UnsatisfiedDependencyException: Error creating bean with name 'defaultActivityStrategyFactory' defined in file [E:\java_project\group_buy_market_ZFHZZ\group_buy_market_ZFHZZ-domain\target\classes\cn\bugstack\domain\activity\service\trial\factory\DefaultActivityStrategyFactory.class]: Unsatisfied dependency expressed through constructor parameter 0; nested exception is org.springframework.beans.factory.BeanCreationException: Error creating bean with name 'rootNode': Injection of resource dependencies failed; nested exception is org.springframework.beans.factory.NoSuchBeanDefinitionException: No qualifying bean of type 'cn.bugstack.domain.activity.adapter.repository.IActivityRepository' available: expected at least 1 bean which qualifies as autowire candidate. Dependency annotations: {@javax.annotation.Resource(shareable=true, lookup=, name=, description=, authenticationType=CONTAINER, type=class java.lang.Object, mappedName=)}
	at org.springframework.beans.factory.support.ConstructorResolver.createArgumentArray(ConstructorResolver.java:800)
	at org.springframework.beans.factory.support.ConstructorResolver.autowireConstructor(ConstructorResolver.java:229)
	at org.springframework.beans.factory.support.AbstractAutowireCapableBeanFactory.autowireConstructor(AbstractAutowireCapableBeanFactory.java:1372)
	at org.springframework.beans.factory.support.AbstractAutowireCapableBeanFactory.createBeanInstance(AbstractAutowireCapableBeanFactory.java:1222)
	at org.springframework.beans.factory.support.AbstractAutowireCapableBeanFactory.doCreateBean(AbstractAutowireCapableBeanFactory.java:582)
	at org.springframework.beans.factory.support.AbstractAutowireCapableBeanFactory.createBean(AbstractAutowireCapableBeanFactory.java:542)
	at org.springframework.beans.factory.support.AbstractBeanFactory.lambda$doGetBean$0(AbstractBeanFactory.java:335)
	at org.springframework.beans.factory.support.DefaultSingletonBeanRegistry.getSingleton(DefaultSingletonBeanRegistry.java:234)
	at org.springframework.beans.factory.support.AbstractBeanFactory.doGetBean(AbstractBeanFactory.java:333)
	at org.springframework.beans.factory.support.AbstractBeanFactory.getBean(AbstractBeanFactory.java:213)
	at org.springframework.beans.factory.support.AbstractAutowireCapableBeanFactory.resolveBeanByName(AbstractAutowireCapableBeanFactory.java:479)
	at org.springframework.context.annotation.CommonAnnotationBeanPostProcessor.autowireResource(CommonAnnotationBeanPostProcessor.java:550)
	at org.springframework.context.annotation.CommonAnnotationBeanPostProcessor.getResource(CommonAnnotationBeanPostProcessor.java:520)
	at org.springframework.context.annotation.CommonAnnotationBeanPostProcessor$ResourceElement.getResourceToInject(CommonAnnotationBeanPostProcessor.java:673)
	at org.springframework.beans.factory.annotation.InjectionMetadata$InjectedElement.inject(InjectionMetadata.java:228)
	at org.springframework.beans.factory.annotation.InjectionMetadata.inject(InjectionMetadata.java:119)
	at org.springframework.context.annotation.CommonAnnotationBeanPostProcessor.postProcessProperties(CommonAnnotationBeanPostProcessor.java:329)
	... 43 common frames omitted
Caused by: org.springframework.beans.factory.BeanCreationException: Error creating bean with name 'rootNode': Injection of resource dependencies failed; nested exception is org.springframework.beans.factory.NoSuchBeanDefinitionException: No qualifying bean of type 'cn.bugstack.domain.activity.adapter.repository.IActivityRepository' available: expected at least 1 bean which qualifies as autowire candidate. Dependency annotations: {@javax.annotation.Resource(shareable=true, lookup=, name=, description=, authenticationType=CONTAINER, type=class java.lang.Object, mappedName=)}
	at org.springframework.context.annotation.CommonAnnotationBeanPostProcessor.postProcessProperties(CommonAnnotationBeanPostProcessor.java:332)
	at org.springframework.beans.factory.support.AbstractAutowireCapableBeanFactory.populateBean(AbstractAutowireCapableBeanFactory.java:1431)
	at org.springframework.beans.factory.support.AbstractAutowireCapableBeanFactory.doCreateBean(AbstractAutowireCapableBeanFactory.java:619)
	at org.springframework.beans.factory.support.AbstractAutowireCapableBeanFactory.createBean(AbstractAutowireCapableBeanFactory.java:542)
	at org.springframework.beans.factory.support.AbstractBeanFactory.lambda$doGetBean$0(AbstractBeanFactory.java:335)
	at org.springframework.beans.factory.support.DefaultSingletonBeanRegistry.getSingleton(DefaultSingletonBeanRegistry.java:234)
	at org.springframework.beans.factory.support.AbstractBeanFactory.doGetBean(AbstractBeanFactory.java:333)
	at org.springframework.beans.factory.support.AbstractBeanFactory.getBean(AbstractBeanFactory.java:208)
	at org.springframework.beans.factory.config.DependencyDescriptor.resolveCandidate(DependencyDescriptor.java:276)
	at org.springframework.beans.factory.support.DefaultListableBeanFactory.doResolveDependency(DefaultListableBeanFactory.java:1391)
	at org.springframework.beans.factory.support.DefaultListableBeanFactory.resolveDependency(DefaultListableBeanFactory.java:1311)
	at org.springframework.beans.factory.support.ConstructorResolver.resolveAutowiredArgument(ConstructorResolver.java:887)
	at org.springframework.beans.factory.support.ConstructorResolver.createArgumentArray(ConstructorResolver.java:791)
	... 59 common frames omitted
Caused by: org.springframework.beans.factory.NoSuchBeanDefinitionException: No qualifying bean of type 'cn.bugstack.domain.activity.adapter.repository.IActivityRepository' available: expected at least 1 bean which qualifies as autowire candidate. Dependency annotations: {@javax.annotation.Resource(shareable=true, lookup=, name=, description=, authenticationType=CONTAINER, type=class java.lang.Object, mappedName=)}
	at org.springframework.beans.factory.support.DefaultListableBeanFactory.raiseNoMatchingBeanFound(DefaultListableBeanFactory.java:1801)
	at org.springframework.beans.factory.support.DefaultListableBeanFactory.doResolveDependency(DefaultListableBeanFactory.java:1357)
	at org.springframework.beans.factory.support.DefaultListableBeanFactory.resolveDependency(DefaultListableBeanFactory.java:1311)
	at org.springframework.context.annotation.CommonAnnotationBeanPostProcessor.autowireResource(CommonAnnotationBeanPostProcessor.java:544)
	at org.springframework.context.annotation.CommonAnnotationBeanPostProcessor.getResource(CommonAnnotationBeanPostProcessor.java:520)
	at org.springframework.context.annotation.CommonAnnotationBeanPostProcessor$ResourceElement.getResourceToInject(CommonAnnotationBeanPostProcessor.java:673)
	at org.springframework.beans.factory.annotation.InjectionMetadata$InjectedElement.inject(InjectionMetadata.java:228)
	at org.springframework.beans.factory.annotation.InjectionMetadata.inject(InjectionMetadata.java:119)
	at org.springframework.context.annotation.CommonAnnotationBeanPostProcessor.postProcessProperties(CommonAnnotationBeanPostProcessor.java:329)
	... 71 common frames omitted
26-02-25.16:42:37.820 [main            ] INFO  IIndexGroupBuyMarketServiceTest - Starting IIndexGroupBuyMarketServiceTest using Java 1.8.0_391 on LAPTOP-EK831I6O with PID 11940 (started by ZFHZZ in E:\java_project\group_buy_market_ZFHZZ\group_buy_market_ZFHZZ-app)
26-02-25.16:42:37.821 [main            ] INFO  IIndexGroupBuyMarketServiceTest - The following 1 profile is active: "dev"
26-02-25.16:42:39.332 [main            ] INFO  IIndexGroupBuyMarketServiceTest - Started IIndexGroupBuyMarketServiceTest in 1.763 seconds (JVM running for 2.408)
26-02-25.16:42:39.658 [main            ] INFO  RootNode               - 拼团商品查询试算服务-RootNode userId:xiaofuge requestParameter:{"channel":"c01","goodsId":"9890001","source":"s01","userId":"xiaofuge"}
26-02-25.16:42:39.661 [main            ] INFO  IIndexGroupBuyMarketServiceTest - 请求参数:{"channel":"c01","goodsId":"9890001","source":"s01","userId":"xiaofuge"}
26-02-25.16:42:39.661 [main            ] INFO  IIndexGroupBuyMarketServiceTest - 返回结果:null
26-02-25.16:47:28.742 [main            ] INFO  IIndexGroupBuyMarketServiceTest - Starting IIndexGroupBuyMarketServiceTest using Java 1.8.0_391 on LAPTOP-EK831I6O with PID 33412 (started by ZFHZZ in E:\java_project\group_buy_market_ZFHZZ\group_buy_market_ZFHZZ-app)
26-02-25.16:47:28.744 [main            ] INFO  IIndexGroupBuyMarketServiceTest - The following 1 profile is active: "dev"
26-02-25.16:47:30.070 [main            ] INFO  IIndexGroupBuyMarketServiceTest - Started IIndexGroupBuyMarketServiceTest in 1.597 seconds (JVM running for 2.194)
26-02-25.16:47:30.285 [main            ] INFO  RootNode               - 拼团商品查询试算服务-RootNode userId:xiaofuge requestParameter:{"channel":"c01","goodsId":"9890001","source":"s01","userId":"xiaofuge"}
26-02-25.16:47:30.308 [pool-2-thread-1 ] INFO  HikariDataSource       - HikariPool-1 - Starting...
26-02-25.16:47:31.461 [pool-2-thread-1 ] INFO  HikariDataSource       - HikariPool-1 - Start completed.
26-02-25.16:47:31.497 [main            ] INFO  MarketNode             - 拼团商品查询试算服务-MarketNode userId:xiaofuge 异步线程加载数据「GroupBuyActivityDiscountVO、SkuVO」完成
26-02-25.16:47:31.497 [main            ] INFO  MarketNode             - 拼团商品查询试算服务-MarketNode userId:xiaofuge requestParameter:{"channel":"c01","goodsId":"9890001","source":"s01","userId":"xiaofuge"}
26-02-25.16:47:31.498 [main            ] INFO  EndNode                - 拼团商品查询试算服务-EndNode userId:xiaofuge requestParameter:{"channel":"c01","goodsId":"9890001","source":"s01","userId":"xiaofuge"}
26-02-25.16:47:31.498 [main            ] INFO  IIndexGroupBuyMarketServiceTest - 请求参数:{"channel":"c01","goodsId":"9890001","source":"s01","userId":"xiaofuge"}
26-02-25.16:47:31.503 [main            ] INFO  IIndexGroupBuyMarketServiceTest - 返回结果:{"deductionPrice":0.00,"endTime":1733537980000,"goodsId":"9890001","goodsName":"《手写MyBatis：渐进式源码实践》","isEnable":false,"isVisible":false,"originalPrice":100.00,"startTime":1733537980000,"targetCount":1}
26-02-25.16:47:31.509 [SpringApplicationShutdownHook] INFO  HikariDataSource       - HikariPool-1 - Shutdown initiated...
26-02-25.16:47:31.512 [SpringApplicationShutdownHook] INFO  HikariDataSource       - HikariPool-1 - Shutdown completed.
26-02-25.20:54:29.374 [main            ] INFO  IIndexGroupBuyMarketServiceTest - Starting IIndexGroupBuyMarketServiceTest using Java 1.8.0_391 on LAPTOP-EK831I6O with PID 13100 (started by ZFHZZ in E:\java_project\group_buy_market_ZFHZZ\group_buy_market_ZFHZZ-app)
26-02-25.20:54:29.375 [main            ] INFO  IIndexGroupBuyMarketServiceTest - The following 1 profile is active: "dev"
26-02-25.20:54:32.076 [main            ] INFO  IIndexGroupBuyMarketServiceTest - Started IIndexGroupBuyMarketServiceTest in 3.044 seconds (JVM running for 7.907)
26-02-25.20:54:32.625 [main            ] INFO  RootNode               - 拼团商品查询试算服务-RootNode userId:xiaofuge requestParameter:{"channel":"c01","goodsId":"9890001","source":"s01","userId":"xiaofuge"}
26-02-25.20:54:32.689 [pool-2-thread-2 ] INFO  HikariDataSource       - HikariPool-1 - Starting...
26-02-25.20:54:35.229 [pool-2-thread-2 ] INFO  HikariDataSource       - HikariPool-1 - Start completed.
26-02-25.20:54:35.268 [main            ] INFO  MarketNode             - 拼团商品查询试算服务-MarketNode userId:xiaofuge 异步线程加载数据「GroupBuyActivityDiscountVO、SkuVO」完成
26-02-25.20:54:35.268 [main            ] INFO  MarketNode             - 拼团商品查询试算服务-MarketNode userId:xiaofuge requestParameter:{"channel":"c01","goodsId":"9890001","source":"s01","userId":"xiaofuge"}
26-02-25.20:54:35.278 [SpringApplicationShutdownHook] INFO  HikariDataSource       - HikariPool-1 - Shutdown initiated...
26-02-25.20:54:35.282 [SpringApplicationShutdownHook] INFO  HikariDataSource       - HikariPool-1 - Shutdown completed.
26-02-25.20:58:51.843 [main            ] INFO  IIndexGroupBuyMarketServiceTest - Starting IIndexGroupBuyMarketServiceTest using Java 1.8.0_391 on LAPTOP-EK831I6O with PID 24944 (started by ZFHZZ in E:\java_project\group_buy_market_ZFHZZ\group_buy_market_ZFHZZ-app)
26-02-25.20:58:51.843 [main            ] INFO  IIndexGroupBuyMarketServiceTest - The following 1 profile is active: "dev"
26-02-25.20:58:53.217 [main            ] INFO  IIndexGroupBuyMarketServiceTest - Started IIndexGroupBuyMarketServiceTest in 1.674 seconds (JVM running for 2.331)
26-02-25.20:58:53.460 [main            ] INFO  RootNode               - 拼团商品查询试算服务-RootNode userId:xiaofuge requestParameter:{"channel":"c01","goodsId":"9890001","source":"s01","userId":"xiaofuge"}
26-02-25.20:58:53.484 [pool-2-thread-2 ] INFO  HikariDataSource       - HikariPool-1 - Starting...
26-02-25.20:58:54.807 [pool-2-thread-2 ] INFO  HikariDataSource       - HikariPool-1 - Start completed.
26-02-25.20:58:54.840 [main            ] INFO  MarketNode             - 拼团商品查询试算服务-MarketNode userId:xiaofuge 异步线程加载数据「GroupBuyActivityDiscountVO、SkuVO」完成
26-02-25.20:58:54.840 [main            ] INFO  MarketNode             - 拼团商品查询试算服务-MarketNode userId:xiaofuge requestParameter:{"channel":"c01","goodsId":"9890001","source":"s01","userId":"xiaofuge"}
26-02-25.20:58:54.843 [main            ] INFO  MarketNode             - 不存在ZJ类型的折扣计算服务，支持类型为:["MJ","N","ZJ","ZK"]
26-02-25.20:58:54.852 [SpringApplicationShutdownHook] INFO  HikariDataSource       - HikariPool-1 - Shutdown initiated...
26-02-25.20:58:54.855 [SpringApplicationShutdownHook] INFO  HikariDataSource       - HikariPool-1 - Shutdown completed.
26-02-25.21:07:47.247 [main            ] INFO  IIndexGroupBuyMarketServiceTest - Starting IIndexGroupBuyMarketServiceTest using Java 1.8.0_391 on LAPTOP-EK831I6O with PID 29888 (started by ZFHZZ in E:\java_project\group_buy_market_ZFHZZ\group_buy_market_ZFHZZ-app)
26-02-25.21:07:47.248 [main            ] INFO  IIndexGroupBuyMarketServiceTest - The following 1 profile is active: "dev"
26-02-25.21:07:49.803 [main            ] INFO  IIndexGroupBuyMarketServiceTest - Started IIndexGroupBuyMarketServiceTest in 3.339 seconds (JVM running for 3.967)
26-02-25.21:07:50.078 [main            ] INFO  RootNode               - 拼团商品查询试算服务-RootNode userId:xiaofuge requestParameter:{"channel":"c01","goodsId":"9890001","source":"s01","userId":"xiaofuge"}
26-02-25.21:07:50.113 [pool-2-thread-1 ] INFO  HikariDataSource       - HikariPool-1 - Starting...
26-02-25.21:07:51.587 [pool-2-thread-1 ] INFO  HikariDataSource       - HikariPool-1 - Start completed.
26-02-25.21:07:51.631 [main            ] INFO  MarketNode             - 拼团商品查询试算服务-MarketNode userId:xiaofuge 异步线程加载数据「GroupBuyActivityDiscountVO、SkuVO」完成
26-02-25.21:07:51.631 [main            ] INFO  MarketNode             - 拼团商品查询试算服务-MarketNode userId:xiaofuge requestParameter:{"channel":"c01","goodsId":"9890001","source":"s01","userId":"xiaofuge"}
26-02-25.21:07:51.638 [SpringApplicationShutdownHook] INFO  HikariDataSource       - HikariPool-1 - Shutdown initiated...
26-02-25.21:07:51.643 [SpringApplicationShutdownHook] INFO  HikariDataSource       - HikariPool-1 - Shutdown completed.
26-02-25.21:09:05.095 [main            ] INFO  IIndexGroupBuyMarketServiceTest - Starting IIndexGroupBuyMarketServiceTest using Java 1.8.0_391 on LAPTOP-EK831I6O with PID 19704 (started by ZFHZZ in E:\java_project\group_buy_market_ZFHZZ\group_buy_market_ZFHZZ-app)
26-02-25.21:09:05.095 [main            ] INFO  IIndexGroupBuyMarketServiceTest - The following 1 profile is active: "dev"
26-02-25.21:09:07.110 [main            ] INFO  IIndexGroupBuyMarketServiceTest - Started IIndexGroupBuyMarketServiceTest in 2.699 seconds (JVM running for 3.358)
26-02-25.21:09:07.512 [main            ] INFO  RootNode               - 拼团商品查询试算服务-RootNode userId:xiaofuge requestParameter:{"channel":"c01","goodsId":"9890001","source":"s01","userId":"xiaofuge"}
26-02-25.21:09:07.536 [pool-2-thread-2 ] INFO  HikariDataSource       - HikariPool-1 - Starting...
26-02-25.21:09:09.508 [pool-2-thread-2 ] INFO  HikariDataSource       - HikariPool-1 - Start completed.
26-02-25.21:09:09.543 [main            ] INFO  MarketNode             - 拼团商品查询试算服务-MarketNode userId:xiaofuge 异步线程加载数据「GroupBuyActivityDiscountVO、SkuVO」完成
26-02-25.21:09:09.543 [main            ] INFO  MarketNode             - 拼团商品查询试算服务-MarketNode userId:xiaofuge requestParameter:{"channel":"c01","goodsId":"9890001","source":"s01","userId":"xiaofuge"}
26-02-25.21:09:09.543 [main            ] INFO  MarketNode             - ZJ
26-02-25.21:09:09.546 [main            ] INFO  MarketNode             - 不存在ZJ类型的折扣计算服务，支持类型为:["MJ","N","ZJ","ZK"]
26-02-25.21:09:09.554 [SpringApplicationShutdownHook] INFO  HikariDataSource       - HikariPool-1 - Shutdown initiated...
26-02-25.21:09:09.559 [SpringApplicationShutdownHook] INFO  HikariDataSource       - HikariPool-1 - Shutdown completed.
26-02-25.21:11:30.944 [main            ] INFO  IIndexGroupBuyMarketServiceTest - Starting IIndexGroupBuyMarketServiceTest using Java 1.8.0_391 on LAPTOP-EK831I6O with PID 11544 (started by ZFHZZ in E:\java_project\group_buy_market_ZFHZZ\group_buy_market_ZFHZZ-app)
26-02-25.21:11:30.944 [main            ] INFO  IIndexGroupBuyMarketServiceTest - The following 1 profile is active: "dev"
26-02-25.21:11:32.734 [main            ] INFO  IIndexGroupBuyMarketServiceTest - Started IIndexGroupBuyMarketServiceTest in 2.108 seconds (JVM running for 2.732)
26-02-25.21:11:33.095 [main            ] INFO  RootNode               - 拼团商品查询试算服务-RootNode userId:xiaofuge requestParameter:{"channel":"c01","goodsId":"9890001","source":"s01","userId":"xiaofuge"}
26-02-25.21:11:33.118 [pool-2-thread-1 ] INFO  HikariDataSource       - HikariPool-1 - Starting...
26-02-25.21:11:34.928 [pool-2-thread-1 ] INFO  HikariDataSource       - HikariPool-1 - Start completed.
26-02-25.21:11:34.981 [main            ] INFO  MarketNode             - 拼团商品查询试算服务-MarketNode userId:xiaofuge 异步线程加载数据「GroupBuyActivityDiscountVO、SkuVO」完成
26-02-25.21:11:34.982 [main            ] INFO  MarketNode             - 拼团商品查询试算服务-MarketNode userId:xiaofuge requestParameter:{"channel":"c01","goodsId":"9890001","source":"s01","userId":"xiaofuge"}
26-02-25.21:11:34.982 [main            ] INFO  EndNode                - 拼团商品查询试算服务-EndNode userId:xiaofuge requestParameter:{"channel":"c01","goodsId":"9890001","source":"s01","userId":"xiaofuge"}
26-02-25.21:11:34.983 [main            ] INFO  IIndexGroupBuyMarketServiceTest - 请求参数:{"channel":"c01","goodsId":"9890001","source":"s01","userId":"xiaofuge"}
26-02-25.21:11:34.987 [main            ] INFO  IIndexGroupBuyMarketServiceTest - 返回结果:{"deductionPrice":80.00,"endTime":1733537980000,"goodsId":"9890001","goodsName":"《手写MyBatis：渐进式源码实践》","isEnable":false,"isVisible":false,"originalPrice":100.00,"startTime":1733537980000,"targetCount":1}
26-02-25.21:11:34.994 [SpringApplicationShutdownHook] INFO  HikariDataSource       - HikariPool-1 - Shutdown initiated...
26-02-25.21:11:34.998 [SpringApplicationShutdownHook] INFO  HikariDataSource       - HikariPool-1 - Shutdown completed.
26-02-25.21:13:37.338 [main            ] INFO  IIndexGroupBuyMarketServiceTest - Starting IIndexGroupBuyMarketServiceTest using Java 1.8.0_391 on LAPTOP-EK831I6O with PID 28016 (started by ZFHZZ in E:\java_project\group_buy_market_ZFHZZ\group_buy_market_ZFHZZ-app)
26-02-25.21:13:37.339 [main            ] INFO  IIndexGroupBuyMarketServiceTest - The following 1 profile is active: "dev"
26-02-25.21:13:38.675 [main            ] INFO  IIndexGroupBuyMarketServiceTest - Started IIndexGroupBuyMarketServiceTest in 1.646 seconds (JVM running for 2.309)
26-02-25.21:13:38.907 [main            ] INFO  RootNode               - 拼团商品查询试算服务-RootNode userId:xiaofuge requestParameter:{"channel":"c01","goodsId":"9890001","source":"s01","userId":"xiaofuge"}
26-02-25.21:13:38.927 [pool-2-thread-1 ] INFO  HikariDataSource       - HikariPool-1 - Starting...
26-02-25.21:13:40.864 [pool-2-thread-1 ] INFO  HikariDataSource       - HikariPool-1 - Start completed.
26-02-25.21:13:40.914 [main            ] INFO  MarketNode             - 拼团商品查询试算服务-MarketNode userId:xiaofuge 异步线程加载数据「GroupBuyActivityDiscountVO、SkuVO」完成
26-02-25.21:13:40.914 [main            ] INFO  MarketNode             - 拼团商品查询试算服务-MarketNode userId:xiaofuge requestParameter:{"channel":"c01","goodsId":"9890001","source":"s01","userId":"xiaofuge"}
26-02-25.21:13:40.915 [main            ] INFO  EndNode                - 拼团商品查询试算服务-EndNode userId:xiaofuge requestParameter:{"channel":"c01","goodsId":"9890001","source":"s01","userId":"xiaofuge"}
26-02-25.21:13:40.916 [main            ] INFO  IIndexGroupBuyMarketServiceTest - 请求参数:{"channel":"c01","goodsId":"9890001","source":"s01","userId":"xiaofuge"}
26-02-25.21:13:40.923 [main            ] INFO  IIndexGroupBuyMarketServiceTest - 返回结果:{"deductionPrice":90.00,"endTime":1733537980000,"goodsId":"9890001","goodsName":"《手写MyBatis：渐进式源码实践》","isEnable":false,"isVisible":false,"originalPrice":100.00,"startTime":1733537980000,"targetCount":1}
26-02-25.21:13:40.931 [SpringApplicationShutdownHook] INFO  HikariDataSource       - HikariPool-1 - Shutdown initiated...
26-02-25.21:13:40.948 [SpringApplicationShutdownHook] INFO  HikariDataSource       - HikariPool-1 - Shutdown completed.
26-02-25.21:14:09.198 [main            ] INFO  IIndexGroupBuyMarketServiceTest - Starting IIndexGroupBuyMarketServiceTest using Java 1.8.0_391 on LAPTOP-EK831I6O with PID 14876 (started by ZFHZZ in E:\java_project\group_buy_market_ZFHZZ\group_buy_market_ZFHZZ-app)
26-02-25.21:14:09.198 [main            ] INFO  IIndexGroupBuyMarketServiceTest - The following 1 profile is active: "dev"
26-02-25.21:14:10.491 [main            ] INFO  IIndexGroupBuyMarketServiceTest - Started IIndexGroupBuyMarketServiceTest in 1.587 seconds (JVM running for 2.248)
26-02-25.21:14:10.715 [main            ] INFO  RootNode               - 拼团商品查询试算服务-RootNode userId:xiaofuge requestParameter:{"channel":"c01","goodsId":"9890001","source":"s01","userId":"xiaofuge"}
26-02-25.21:14:10.739 [pool-2-thread-1 ] INFO  HikariDataSource       - HikariPool-1 - Starting...
26-02-25.21:14:12.173 [pool-2-thread-1 ] INFO  HikariDataSource       - HikariPool-1 - Start completed.
26-02-25.21:14:12.206 [main            ] INFO  MarketNode             - 拼团商品查询试算服务-MarketNode userId:xiaofuge 异步线程加载数据「GroupBuyActivityDiscountVO、SkuVO」完成
26-02-25.21:14:12.206 [main            ] INFO  MarketNode             - 拼团商品查询试算服务-MarketNode userId:xiaofuge requestParameter:{"channel":"c01","goodsId":"9890001","source":"s01","userId":"xiaofuge"}
26-02-25.21:14:12.206 [main            ] INFO  EndNode                - 拼团商品查询试算服务-EndNode userId:xiaofuge requestParameter:{"channel":"c01","goodsId":"9890001","source":"s01","userId":"xiaofuge"}
26-02-25.21:14:12.207 [main            ] INFO  IIndexGroupBuyMarketServiceTest - 请求参数:{"channel":"c01","goodsId":"9890001","source":"s01","userId":"xiaofuge"}
26-02-25.21:14:12.211 [main            ] INFO  IIndexGroupBuyMarketServiceTest - 返回结果:{"deductionPrice":80.000,"endTime":1733537980000,"goodsId":"9890001","goodsName":"《手写MyBatis：渐进式源码实践》","isEnable":false,"isVisible":false,"originalPrice":100.00,"startTime":1733537980000,"targetCount":1}
26-02-25.21:14:12.217 [SpringApplicationShutdownHook] INFO  HikariDataSource       - HikariPool-1 - Shutdown initiated...
26-02-25.21:14:12.220 [SpringApplicationShutdownHook] INFO  HikariDataSource       - HikariPool-1 - Shutdown completed.
26-02-25.21:14:37.818 [main            ] INFO  IIndexGroupBuyMarketServiceTest - Starting IIndexGroupBuyMarketServiceTest using Java 1.8.0_391 on LAPTOP-EK831I6O with PID 27576 (started by ZFHZZ in E:\java_project\group_buy_market_ZFHZZ\group_buy_market_ZFHZZ-app)
26-02-25.21:14:37.820 [main            ] INFO  IIndexGroupBuyMarketServiceTest - The following 1 profile is active: "dev"
26-02-25.21:14:39.104 [main            ] INFO  IIndexGroupBuyMarketServiceTest - Started IIndexGroupBuyMarketServiceTest in 1.569 seconds (JVM running for 2.222)
26-02-25.21:14:39.334 [main            ] INFO  RootNode               - 拼团商品查询试算服务-RootNode userId:xiaofuge requestParameter:{"channel":"c01","goodsId":"9890001","source":"s01","userId":"xiaofuge"}
26-02-25.21:14:39.357 [pool-2-thread-1 ] INFO  HikariDataSource       - HikariPool-1 - Starting...
26-02-25.21:14:40.768 [pool-2-thread-1 ] INFO  HikariDataSource       - HikariPool-1 - Start completed.
26-02-25.21:14:40.802 [main            ] INFO  MarketNode             - 拼团商品查询试算服务-MarketNode userId:xiaofuge 异步线程加载数据「GroupBuyActivityDiscountVO、SkuVO」完成
26-02-25.21:14:40.802 [main            ] INFO  MarketNode             - 拼团商品查询试算服务-MarketNode userId:xiaofuge requestParameter:{"channel":"c01","goodsId":"9890001","source":"s01","userId":"xiaofuge"}
26-02-25.21:14:40.803 [main            ] INFO  EndNode                - 拼团商品查询试算服务-EndNode userId:xiaofuge requestParameter:{"channel":"c01","goodsId":"9890001","source":"s01","userId":"xiaofuge"}
26-02-25.21:14:40.804 [main            ] INFO  IIndexGroupBuyMarketServiceTest - 请求参数:{"channel":"c01","goodsId":"9890001","source":"s01","userId":"xiaofuge"}
26-02-25.21:14:40.808 [main            ] INFO  IIndexGroupBuyMarketServiceTest - 返回结果:{"deductionPrice":1.99,"endTime":1733537980000,"goodsId":"9890001","goodsName":"《手写MyBatis：渐进式源码实践》","isEnable":false,"isVisible":false,"originalPrice":100.00,"startTime":1733537980000,"targetCount":1}
26-02-25.21:14:40.816 [SpringApplicationShutdownHook] INFO  HikariDataSource       - HikariPool-1 - Shutdown initiated...
26-02-25.21:14:40.818 [SpringApplicationShutdownHook] INFO  HikariDataSource       - HikariPool-1 - Shutdown completed.
26-02-25.23:11:02.537 [main            ] INFO  ITagServiceTest        - Starting ITagServiceTest using Java 1.8.0_391 on LAPTOP-EK831I6O with PID 29916 (started by ZFHZZ in E:\java_project\group_buy_market_ZFHZZ\group_buy_market_ZFHZZ-app)
26-02-25.23:11:02.538 [main            ] INFO  ITagServiceTest        - The following 1 profile is active: "dev"
26-02-25.23:11:03.475 [main            ] INFO  RepositoryConfigurationDelegate - Multiple Spring Data modules found, entering strict repository configuration mode
26-02-25.23:11:03.476 [main            ] INFO  RepositoryConfigurationDelegate - Bootstrapping Spring Data Redis repositories in DEFAULT mode.
26-02-25.23:11:03.505 [main            ] INFO  RepositoryConfigurationDelegate - Finished Spring Data repository scanning in 16 ms. Found 0 Redis repository interfaces.
26-02-25.23:11:05.034 [main            ] INFO  Version                - Redisson 3.26.0
26-02-25.23:11:06.065 [redisson-netty-1-4] INFO  ConnectionsHolder      - 1 connections initialized for 192.168.0.106/192.168.0.106:16379
26-02-25.23:11:06.080 [redisson-netty-1-13] INFO  ConnectionsHolder      - 5 connections initialized for 192.168.0.106/192.168.0.106:16379
26-02-25.23:11:06.956 [main            ] INFO  EndpointLinksResolver  - Exposing 1 endpoint(s) beneath base path '/actuator'
26-02-25.23:11:06.996 [main            ] INFO  ITagServiceTest        - Started ITagServiceTest in 4.758 seconds (JVM running for 5.508)
26-02-25.23:11:07.274 [main            ] INFO  TagService             - 人群标签批次任务 tagId:RQ_KJHKL98UU78H66554GFDV batchId:10001
26-02-25.23:11:07.310 [main            ] INFO  HikariDataSource       - HikariPool-1 - Starting...
26-02-25.23:11:08.258 [main            ] INFO  HikariDataSource       - HikariPool-1 - Start completed.
26-02-25.23:11:08.360 [SpringApplicationShutdownHook] INFO  HikariDataSource       - HikariPool-1 - Shutdown initiated...
26-02-25.23:11:08.362 [SpringApplicationShutdownHook] INFO  HikariDataSource       - HikariPool-1 - Shutdown completed.
26-02-25.23:11:13.855 [main            ] INFO  ITagServiceTest        - Starting ITagServiceTest using Java 1.8.0_391 on LAPTOP-EK831I6O with PID 27376 (started by ZFHZZ in E:\java_project\group_buy_market_ZFHZZ\group_buy_market_ZFHZZ-app)
26-02-25.23:11:13.856 [main            ] INFO  ITagServiceTest        - The following 1 profile is active: "dev"
26-02-25.23:11:14.437 [main            ] INFO  RepositoryConfigurationDelegate - Multiple Spring Data modules found, entering strict repository configuration mode
26-02-25.23:11:14.439 [main            ] INFO  RepositoryConfigurationDelegate - Bootstrapping Spring Data Redis repositories in DEFAULT mode.
26-02-25.23:11:14.459 [main            ] INFO  RepositoryConfigurationDelegate - Finished Spring Data repository scanning in 13 ms. Found 0 Redis repository interfaces.
26-02-25.23:11:16.085 [main            ] INFO  Version                - Redisson 3.26.0
26-02-25.23:11:16.870 [redisson-netty-1-4] INFO  ConnectionsHolder      - 1 connections initialized for 192.168.0.106/192.168.0.106:16379
26-02-25.23:11:16.889 [redisson-netty-1-13] INFO  ConnectionsHolder      - 5 connections initialized for 192.168.0.106/192.168.0.106:16379
26-02-25.23:11:17.818 [main            ] INFO  EndpointLinksResolver  - Exposing 1 endpoint(s) beneath base path '/actuator'
26-02-25.23:11:17.851 [main            ] INFO  ITagServiceTest        - Started ITagServiceTest in 4.286 seconds (JVM running for 4.992)
26-02-25.23:11:18.000 [main            ] INFO  ITagServiceTest        - xiaofuge 存在，预期结果为 true，测试结果:false
26-02-25.23:11:18.002 [main            ] INFO  ITagServiceTest        - gudebai 不存在，预期结果为 false，测试结果:false
26-02-25.23:20:09.907 [main            ] INFO  ITagServiceTest        - Starting ITagServiceTest using Java 1.8.0_391 on LAPTOP-EK831I6O with PID 10032 (started by ZFHZZ in E:\java_project\group_buy_market_ZFHZZ\group_buy_market_ZFHZZ-app)
26-02-25.23:20:09.908 [main            ] INFO  ITagServiceTest        - The following 1 profile is active: "dev"
26-02-25.23:20:10.430 [main            ] INFO  RepositoryConfigurationDelegate - Multiple Spring Data modules found, entering strict repository configuration mode
26-02-25.23:20:10.432 [main            ] INFO  RepositoryConfigurationDelegate - Bootstrapping Spring Data Redis repositories in DEFAULT mode.
26-02-25.23:20:10.454 [main            ] INFO  RepositoryConfigurationDelegate - Finished Spring Data repository scanning in 14 ms. Found 0 Redis repository interfaces.
26-02-25.23:20:12.031 [main            ] INFO  Version                - Redisson 3.26.0
26-02-25.23:20:12.578 [redisson-netty-1-4] INFO  ConnectionsHolder      - 1 connections initialized for 192.168.0.106/192.168.0.106:16379
26-02-25.23:20:12.588 [redisson-netty-1-13] INFO  ConnectionsHolder      - 5 connections initialized for 192.168.0.106/192.168.0.106:16379
26-02-25.23:20:13.532 [main            ] INFO  EndpointLinksResolver  - Exposing 1 endpoint(s) beneath base path '/actuator'
26-02-25.23:20:13.564 [main            ] INFO  ITagServiceTest        - Started ITagServiceTest in 3.942 seconds (JVM running for 4.682)
26-02-25.23:20:13.713 [main            ] INFO  ITagServiceTest        - xiaofuge 存在，预期结果为 true，测试结果:false
26-02-25.23:20:13.715 [main            ] INFO  ITagServiceTest        - gudebai 不存在，预期结果为 false，测试结果:false
