26-03-02.14:07:56.669 [main            ] INFO  MarketTradeControllerTest - Starting MarketTradeControllerTest using Java 1.8.0_391 on LAPTOP-EK831I6O with PID 12724 (started by ZFHZZ in E:\java_project\group_buy_market_ZFHZZ\group_buy_market_ZFHZZ-app)
26-03-02.14:07:56.670 [main            ] INFO  MarketTradeControllerTest - The following 1 profile is active: "dev"
26-03-02.14:07:58.366 [main            ] INFO  RepositoryConfigurationDelegate - Multiple Spring Data modules found, entering strict repository configuration mode
26-03-02.14:07:58.366 [main            ] INFO  RepositoryConfigurationDelegate - Bootstrapping Spring Data Redis repositories in DEFAULT mode.
26-03-02.14:07:58.397 [main            ] INFO  RepositoryConfigurationDelegate - Finished Spring Data repository scanning in 20 ms. Found 0 Redis repository interfaces.
26-03-02.14:07:58.621 [main            ] INFO  PostProcessorRegistrationDelegate$BeanPostProcessorChecker - Bean 'redisClientConfig' of type [cn.bugstack.config.RedisClientConfig$$EnhancerBySpringCGLIB$$e547ffdc] is not eligible for getting processed by all BeanPostProcessors (for example: not eligible for auto-proxying)
26-03-02.14:07:58.946 [main            ] INFO  PostProcessorRegistrationDelegate$BeanPostProcessorChecker - Bean 'redis.sdk.config-cn.bugstack.config.RedisClientConfigProperties' of type [cn.bugstack.config.RedisClientConfigProperties] is not eligible for getting processed by all BeanPostProcessors (for example: not eligible for auto-proxying)
26-03-02.14:07:59.589 [main            ] INFO  Version                - Redisson 3.26.0
26-03-02.14:08:00.261 [redisson-netty-1-4] INFO  ConnectionsHolder      - 1 connections initialized for 192.168.3.245/192.168.3.245:16379
26-03-02.14:08:00.273 [redisson-netty-1-13] INFO  ConnectionsHolder      - 5 connections initialized for 192.168.3.245/192.168.3.245:16379
26-03-02.14:08:00.300 [main            ] INFO  PostProcessorRegistrationDelegate$BeanPostProcessorChecker - Bean 'redissonClient' of type [org.redisson.Redisson] is not eligible for getting processed by all BeanPostProcessors (for example: not eligible for auto-proxying)
26-03-02.14:08:01.888 [main            ] INFO  EndpointLinksResolver  - Exposing 1 endpoint(s) beneath base path '/actuator'
26-03-02.14:08:01.920 [main            ] INFO  MarketTradeControllerTest - Started MarketTradeControllerTest in 5.562 seconds (JVM running for 6.419)
26-03-02.14:08:02.234 [main            ] INFO  MarketTradeController  - 营销交易锁单:zfh LockMarketPayOrderRequestDTO:{"activityId":100123,"channel":"c01","goodsId":"9890001","outTradeNo":"395850525368","source":"s01","userId":"zfh"}
26-03-02.14:08:02.234 [main            ] INFO  TradeLockOrderService  - 拼团交易-查询未支付营销订单:zfh outTradeNo:395850525368
26-03-02.14:08:02.252 [main            ] INFO  HikariDataSource       - HikariPool-1 - Starting...
26-03-02.14:08:03.304 [main            ] INFO  HikariDataSource       - HikariPool-1 - Start completed.
26-03-02.14:08:03.334 [main            ] INFO  RootNode               - 拼团商品查询试算服务-RootNode userId:zfh requestParameter:{"activityId":100123,"channel":"c01","goodsId":"9890001","source":"s01","userId":"zfh"}
26-03-02.14:08:03.352 [main            ] INFO  MarketNode             - 拼团商品查询试算服务-MarketNode userId:zfh 异步线程加载数据「GroupBuyActivityDiscountVO、SkuVO」完成
26-03-02.14:08:03.352 [main            ] INFO  MarketNode             - 拼团商品查询试算服务-MarketNode userId:zfh requestParameter:{"activityId":100123,"channel":"c01","goodsId":"9890001","source":"s01","userId":"zfh"}
26-03-02.14:08:03.352 [main            ] INFO  MarketNode             - 进入查询结点
26-03-02.14:08:03.358 [main            ] INFO  EndNode                - 拼团商品查询试算服务-EndNode userId:zfh requestParameter:{"activityId":100123,"channel":"c01","goodsId":"9890001","source":"s01","userId":"zfh"}
26-03-02.14:08:03.359 [main            ] INFO  TradeLockOrderService  - 拼团交易-锁定营销优惠支付订单:zfh activityId:100123 goodsId:9890001
26-03-02.14:08:03.359 [main            ] INFO  ActivityUsabilityRuleFilter - 交易链过滤规则,活动的可用性校验zfh，activity_id100123
26-03-02.14:08:03.365 [main            ] INFO  UserTaskLimitRuleFilter - 交易规则过滤-用户参与次数校验zfh activityId:100123
26-03-02.14:08:03.391 [main            ] INFO  MarketTradeController  - 交易锁单记录(新):zfh marketPayOrderEntity:{"deductionPrice":10.00,"orderId":"053407850266","teamId":"85033802","tradeOrderStatusEnumVO":"CREATE"}
26-03-02.14:08:03.394 [main            ] INFO  MarketTradeControllerTest - 测试结果 req:{"activityId":100123,"channel":"c01","goodsId":"9890001","outTradeNo":"395850525368","source":"s01","userId":"zfh"} res:{"code":"0000","data":{"deductionPrice":10.00,"orderId":"053407850266","tradeOrderStatus":0},"info":"成功"}
26-03-02.14:08:03.406 [SpringApplicationShutdownHook] INFO  HikariDataSource       - HikariPool-1 - Shutdown initiated...
26-03-02.14:08:03.413 [SpringApplicationShutdownHook] INFO  HikariDataSource       - HikariPool-1 - Shutdown completed.
26-03-02.14:09:43.091 [main            ] INFO  MarketTradeControllerTest - Starting MarketTradeControllerTest using Java 1.8.0_391 on LAPTOP-EK831I6O with PID 24772 (started by ZFHZZ in E:\java_project\group_buy_market_ZFHZZ\group_buy_market_ZFHZZ-app)
26-03-02.14:09:43.091 [main            ] INFO  MarketTradeControllerTest - The following 1 profile is active: "dev"
26-03-02.14:09:43.655 [main            ] INFO  RepositoryConfigurationDelegate - Multiple Spring Data modules found, entering strict repository configuration mode
26-03-02.14:09:43.655 [main            ] INFO  RepositoryConfigurationDelegate - Bootstrapping Spring Data Redis repositories in DEFAULT mode.
26-03-02.14:09:43.681 [main            ] INFO  RepositoryConfigurationDelegate - Finished Spring Data repository scanning in 19 ms. Found 0 Redis repository interfaces.
26-03-02.14:09:43.867 [main            ] INFO  PostProcessorRegistrationDelegate$BeanPostProcessorChecker - Bean 'redisClientConfig' of type [cn.bugstack.config.RedisClientConfig$$EnhancerBySpringCGLIB$$b856e9e] is not eligible for getting processed by all BeanPostProcessors (for example: not eligible for auto-proxying)
26-03-02.14:09:44.065 [main            ] INFO  PostProcessorRegistrationDelegate$BeanPostProcessorChecker - Bean 'redis.sdk.config-cn.bugstack.config.RedisClientConfigProperties' of type [cn.bugstack.config.RedisClientConfigProperties] is not eligible for getting processed by all BeanPostProcessors (for example: not eligible for auto-proxying)
26-03-02.14:09:44.714 [main            ] INFO  Version                - Redisson 3.26.0
26-03-02.14:09:45.243 [redisson-netty-1-4] INFO  ConnectionsHolder      - 1 connections initialized for 192.168.3.245/192.168.3.245:16379
26-03-02.14:09:45.256 [redisson-netty-1-13] INFO  ConnectionsHolder      - 5 connections initialized for 192.168.3.245/192.168.3.245:16379
26-03-02.14:09:45.280 [main            ] INFO  PostProcessorRegistrationDelegate$BeanPostProcessorChecker - Bean 'redissonClient' of type [org.redisson.Redisson] is not eligible for getting processed by all BeanPostProcessors (for example: not eligible for auto-proxying)
26-03-02.14:09:46.595 [main            ] INFO  EndpointLinksResolver  - Exposing 1 endpoint(s) beneath base path '/actuator'
26-03-02.14:09:46.628 [main            ] INFO  MarketTradeControllerTest - Started MarketTradeControllerTest in 3.824 seconds (JVM running for 4.461)
26-03-02.14:09:46.844 [main            ] INFO  MarketTradeController  - 营销交易锁单:zfh02 LockMarketPayOrderRequestDTO:{"activityId":100123,"channel":"c01","goodsId":"9890001","outTradeNo":"550772776069","source":"s01","teamId":"85033802","userId":"zfh02"}
26-03-02.14:09:46.844 [main            ] INFO  TradeLockOrderService  - 拼团交易-查询未支付营销订单:zfh02 outTradeNo:550772776069
26-03-02.14:09:46.851 [main            ] INFO  HikariDataSource       - HikariPool-1 - Starting...
26-03-02.14:09:47.480 [main            ] INFO  HikariDataSource       - HikariPool-1 - Start completed.
26-03-02.14:09:47.504 [main            ] INFO  TradeLockOrderService  - 拼团交易-查询拼单进度:85033802
26-03-02.14:09:47.510 [main            ] INFO  RootNode               - 拼团商品查询试算服务-RootNode userId:zfh02 requestParameter:{"activityId":100123,"channel":"c01","goodsId":"9890001","source":"s01","userId":"zfh02"}
26-03-02.14:09:47.524 [main            ] INFO  MarketNode             - 拼团商品查询试算服务-MarketNode userId:zfh02 异步线程加载数据「GroupBuyActivityDiscountVO、SkuVO」完成
26-03-02.14:09:47.524 [main            ] INFO  MarketNode             - 拼团商品查询试算服务-MarketNode userId:zfh02 requestParameter:{"activityId":100123,"channel":"c01","goodsId":"9890001","source":"s01","userId":"zfh02"}
26-03-02.14:09:47.524 [main            ] INFO  MarketNode             - 进入查询结点
26-03-02.14:09:47.532 [main            ] INFO  EndNode                - 拼团商品查询试算服务-EndNode userId:zfh02 requestParameter:{"activityId":100123,"channel":"c01","goodsId":"9890001","source":"s01","userId":"zfh02"}
26-03-02.14:09:47.534 [main            ] INFO  TradeLockOrderService  - 拼团交易-锁定营销优惠支付订单:zfh02 activityId:100123 goodsId:9890001
26-03-02.14:09:47.535 [main            ] INFO  ActivityUsabilityRuleFilter - 交易链过滤规则,活动的可用性校验zfh02，activity_id100123
26-03-02.14:09:47.538 [main            ] INFO  UserTaskLimitRuleFilter - 交易规则过滤-用户参与次数校验zfh02 activityId:100123
26-03-02.14:09:47.563 [main            ] INFO  MarketTradeController  - 交易锁单记录(新):zfh02 marketPayOrderEntity:{"deductionPrice":10.00,"orderId":"579033951914","teamId":"85033802","tradeOrderStatusEnumVO":"CREATE"}
26-03-02.14:09:47.566 [main            ] INFO  MarketTradeControllerTest - 测试结果 req:{"activityId":100123,"channel":"c01","goodsId":"9890001","outTradeNo":"550772776069","source":"s01","teamId":"85033802","userId":"zfh02"} res:{"code":"0000","data":{"deductionPrice":10.00,"orderId":"579033951914","tradeOrderStatus":0},"info":"成功"}
26-03-02.14:09:47.573 [SpringApplicationShutdownHook] INFO  HikariDataSource       - HikariPool-1 - Shutdown initiated...
26-03-02.14:09:47.586 [SpringApplicationShutdownHook] INFO  HikariDataSource       - HikariPool-1 - Shutdown completed.
26-03-02.14:10:54.258 [main            ] INFO  TradeSettlementOrderServiceTest - Starting TradeSettlementOrderServiceTest using Java 1.8.0_391 on LAPTOP-EK831I6O with PID 26184 (started by ZFHZZ in E:\java_project\group_buy_market_ZFHZZ\group_buy_market_ZFHZZ-app)
26-03-02.14:10:54.258 [main            ] INFO  TradeSettlementOrderServiceTest - The following 1 profile is active: "dev"
26-03-02.14:10:54.870 [main            ] INFO  RepositoryConfigurationDelegate - Multiple Spring Data modules found, entering strict repository configuration mode
26-03-02.14:10:54.871 [main            ] INFO  RepositoryConfigurationDelegate - Bootstrapping Spring Data Redis repositories in DEFAULT mode.
26-03-02.14:10:54.908 [main            ] INFO  RepositoryConfigurationDelegate - Finished Spring Data repository scanning in 20 ms. Found 0 Redis repository interfaces.
26-03-02.14:10:55.225 [main            ] INFO  PostProcessorRegistrationDelegate$BeanPostProcessorChecker - Bean 'redisClientConfig' of type [cn.bugstack.config.RedisClientConfig$$EnhancerBySpringCGLIB$$8b735e49] is not eligible for getting processed by all BeanPostProcessors (for example: not eligible for auto-proxying)
26-03-02.14:10:55.515 [main            ] INFO  PostProcessorRegistrationDelegate$BeanPostProcessorChecker - Bean 'redis.sdk.config-cn.bugstack.config.RedisClientConfigProperties' of type [cn.bugstack.config.RedisClientConfigProperties] is not eligible for getting processed by all BeanPostProcessors (for example: not eligible for auto-proxying)
26-03-02.14:10:56.172 [main            ] INFO  Version                - Redisson 3.26.0
26-03-02.14:10:56.816 [redisson-netty-1-4] INFO  ConnectionsHolder      - 1 connections initialized for 192.168.3.245/192.168.3.245:16379
26-03-02.14:10:56.837 [redisson-netty-1-13] INFO  ConnectionsHolder      - 5 connections initialized for 192.168.3.245/192.168.3.245:16379
26-03-02.14:10:56.909 [main            ] INFO  PostProcessorRegistrationDelegate$BeanPostProcessorChecker - Bean 'redissonClient' of type [org.redisson.Redisson] is not eligible for getting processed by all BeanPostProcessors (for example: not eligible for auto-proxying)
26-03-02.14:10:58.964 [main            ] INFO  EndpointLinksResolver  - Exposing 1 endpoint(s) beneath base path '/actuator'
26-03-02.14:10:59.000 [main            ] INFO  TradeSettlementOrderServiceTest - Started TradeSettlementOrderServiceTest in 5.003 seconds (JVM running for 5.641)
26-03-02.14:10:59.204 [main            ] INFO  TradeSettlementOrderService - 拼团交易-支付订单结算:zfh outTradeNo:395850525368
26-03-02.14:10:59.204 [main            ] INFO  SCRuleFilter           - 结算规则过滤-渠道黑名单校验zfh outTradeNo:395850525368
26-03-02.14:10:59.226 [main            ] ERROR SCRuleFilter           - s02c02 渠道黑名单拦截
26-03-02.14:11:33.848 [main            ] INFO  TradeSettlementOrderServiceTest - Starting TradeSettlementOrderServiceTest using Java 1.8.0_391 on LAPTOP-EK831I6O with PID 492 (started by ZFHZZ in E:\java_project\group_buy_market_ZFHZZ\group_buy_market_ZFHZZ-app)
26-03-02.14:11:33.848 [main            ] INFO  TradeSettlementOrderServiceTest - The following 1 profile is active: "dev"
26-03-02.14:11:34.433 [main            ] INFO  RepositoryConfigurationDelegate - Multiple Spring Data modules found, entering strict repository configuration mode
26-03-02.14:11:34.433 [main            ] INFO  RepositoryConfigurationDelegate - Bootstrapping Spring Data Redis repositories in DEFAULT mode.
26-03-02.14:11:34.464 [main            ] INFO  RepositoryConfigurationDelegate - Finished Spring Data repository scanning in 20 ms. Found 0 Redis repository interfaces.
26-03-02.14:11:34.652 [main            ] INFO  PostProcessorRegistrationDelegate$BeanPostProcessorChecker - Bean 'redisClientConfig' of type [cn.bugstack.config.RedisClientConfig$$EnhancerBySpringCGLIB$$8b735e49] is not eligible for getting processed by all BeanPostProcessors (for example: not eligible for auto-proxying)
26-03-02.14:11:34.909 [main            ] INFO  PostProcessorRegistrationDelegate$BeanPostProcessorChecker - Bean 'redis.sdk.config-cn.bugstack.config.RedisClientConfigProperties' of type [cn.bugstack.config.RedisClientConfigProperties] is not eligible for getting processed by all BeanPostProcessors (for example: not eligible for auto-proxying)
26-03-02.14:11:35.632 [main            ] INFO  Version                - Redisson 3.26.0
26-03-02.14:11:36.210 [redisson-netty-1-4] INFO  ConnectionsHolder      - 1 connections initialized for 192.168.3.245/192.168.3.245:16379
26-03-02.14:11:36.233 [redisson-netty-1-13] INFO  ConnectionsHolder      - 5 connections initialized for 192.168.3.245/192.168.3.245:16379
26-03-02.14:11:36.326 [main            ] INFO  PostProcessorRegistrationDelegate$BeanPostProcessorChecker - Bean 'redissonClient' of type [org.redisson.Redisson] is not eligible for getting processed by all BeanPostProcessors (for example: not eligible for auto-proxying)
26-03-02.14:11:38.321 [main            ] INFO  EndpointLinksResolver  - Exposing 1 endpoint(s) beneath base path '/actuator'
26-03-02.14:11:38.353 [main            ] INFO  TradeSettlementOrderServiceTest - Started TradeSettlementOrderServiceTest in 4.775 seconds (JVM running for 5.442)
26-03-02.14:11:38.513 [main            ] INFO  TradeSettlementOrderService - 拼团交易-支付订单结算:zfh outTradeNo:395850525368
26-03-02.14:11:38.513 [main            ] INFO  SCRuleFilter           - 结算规则过滤-渠道黑名单校验zfh outTradeNo:395850525368
26-03-02.14:11:38.523 [main            ] INFO  OutTradeNoRuleFilter   - 结算规则过滤-外部单号校验zfh outTradeNo:395850525368
26-03-02.14:11:38.534 [main            ] INFO  HikariDataSource       - HikariPool-1 - Starting...
26-03-02.14:11:39.219 [main            ] INFO  HikariDataSource       - HikariPool-1 - Start completed.
26-03-02.14:11:39.252 [main            ] INFO  SettableRuleFilter     - 结算规则过滤-有效时间校验zfh outTradeNo:395850525368
26-03-02.14:11:39.260 [SpringApplicationShutdownHook] INFO  HikariDataSource       - HikariPool-1 - Shutdown initiated...
26-03-02.14:11:39.272 [SpringApplicationShutdownHook] INFO  HikariDataSource       - HikariPool-1 - Shutdown completed.
26-03-02.14:22:03.944 [main            ] INFO  TradeSettlementOrderServiceTest - Starting TradeSettlementOrderServiceTest using Java 1.8.0_391 on LAPTOP-EK831I6O with PID 25596 (started by ZFHZZ in E:\java_project\group_buy_market_ZFHZZ\group_buy_market_ZFHZZ-app)
26-03-02.14:22:03.944 [main            ] INFO  TradeSettlementOrderServiceTest - The following 1 profile is active: "dev"
26-03-02.14:22:04.521 [main            ] INFO  RepositoryConfigurationDelegate - Multiple Spring Data modules found, entering strict repository configuration mode
26-03-02.14:22:04.521 [main            ] INFO  RepositoryConfigurationDelegate - Bootstrapping Spring Data Redis repositories in DEFAULT mode.
26-03-02.14:22:04.544 [main            ] INFO  RepositoryConfigurationDelegate - Finished Spring Data repository scanning in 20 ms. Found 0 Redis repository interfaces.
26-03-02.14:22:04.749 [main            ] INFO  PostProcessorRegistrationDelegate$BeanPostProcessorChecker - Bean 'redisClientConfig' of type [cn.bugstack.config.RedisClientConfig$$EnhancerBySpringCGLIB$$b856e9e] is not eligible for getting processed by all BeanPostProcessors (for example: not eligible for auto-proxying)
26-03-02.14:22:04.940 [main            ] INFO  PostProcessorRegistrationDelegate$BeanPostProcessorChecker - Bean 'redis.sdk.config-cn.bugstack.config.RedisClientConfigProperties' of type [cn.bugstack.config.RedisClientConfigProperties] is not eligible for getting processed by all BeanPostProcessors (for example: not eligible for auto-proxying)
26-03-02.14:22:05.628 [main            ] INFO  Version                - Redisson 3.26.0
26-03-02.14:22:06.186 [redisson-netty-1-4] INFO  ConnectionsHolder      - 1 connections initialized for 192.168.3.245/192.168.3.245:16379
26-03-02.14:22:06.196 [redisson-netty-1-13] INFO  ConnectionsHolder      - 5 connections initialized for 192.168.3.245/192.168.3.245:16379
26-03-02.14:22:06.221 [main            ] INFO  PostProcessorRegistrationDelegate$BeanPostProcessorChecker - Bean 'redissonClient' of type [org.redisson.Redisson] is not eligible for getting processed by all BeanPostProcessors (for example: not eligible for auto-proxying)
26-03-02.14:22:07.681 [main            ] INFO  EndpointLinksResolver  - Exposing 1 endpoint(s) beneath base path '/actuator'
26-03-02.14:22:07.725 [main            ] INFO  TradeSettlementOrderServiceTest - Started TradeSettlementOrderServiceTest in 4.074 seconds (JVM running for 4.707)
26-03-02.14:22:07.883 [main            ] INFO  TradeSettlementOrderService - 拼团交易-支付订单结算:zfh outTradeNo:395850525368
26-03-02.14:22:07.883 [main            ] INFO  SCRuleFilter           - 结算规则过滤-渠道黑名单校验zfh outTradeNo:395850525368
26-03-02.14:22:07.890 [main            ] INFO  OutTradeNoRuleFilter   - 结算规则过滤-外部单号校验zfh outTradeNo:395850525368
26-03-02.14:22:07.900 [main            ] INFO  HikariDataSource       - HikariPool-1 - Starting...
26-03-02.14:22:08.616 [main            ] INFO  HikariDataSource       - HikariPool-1 - Start completed.
26-03-02.14:22:08.636 [main            ] INFO  SettableRuleFilter     - 结算规则过滤-有效时间校验zfh outTradeNo:395850525368
26-03-02.14:22:08.636 [main            ] INFO  TradeRepository        - 85033802
26-03-02.14:22:08.646 [main            ] INFO  EndRuleFilter          - 结算规则过滤-结束节点zfh outTradeNo:395850525368
26-03-02.14:22:08.763 [main            ] INFO  TradeSettlementOrderServiceTest - 请求参数:{"channel":"c01","outTradeNo":"395850525368","outTradeTime":"2026-03-02 14:22:07.883","source":"s01","userId":"zfh"}
26-03-02.14:22:08.766 [main            ] INFO  TradeSettlementOrderServiceTest - 测试结果:{"activityId":100123,"channel":"c01","outTradeNo":"395850525368","source":"s01","teamId":"85033802","userId":"zfh"}
26-03-02.14:22:08.777 [SpringApplicationShutdownHook] INFO  HikariDataSource       - HikariPool-1 - Shutdown initiated...
26-03-02.14:22:08.786 [SpringApplicationShutdownHook] INFO  HikariDataSource       - HikariPool-1 - Shutdown completed.
26-03-02.14:23:44.753 [main            ] INFO  TradeSettlementOrderServiceTest - Starting TradeSettlementOrderServiceTest using Java 1.8.0_391 on LAPTOP-EK831I6O with PID 21016 (started by ZFHZZ in E:\java_project\group_buy_market_ZFHZZ\group_buy_market_ZFHZZ-app)
26-03-02.14:23:44.754 [main            ] INFO  TradeSettlementOrderServiceTest - The following 1 profile is active: "dev"
26-03-02.14:23:45.923 [main            ] INFO  RepositoryConfigurationDelegate - Multiple Spring Data modules found, entering strict repository configuration mode
26-03-02.14:23:45.932 [main            ] INFO  RepositoryConfigurationDelegate - Bootstrapping Spring Data Redis repositories in DEFAULT mode.
26-03-02.14:23:46.001 [main            ] INFO  RepositoryConfigurationDelegate - Finished Spring Data repository scanning in 42 ms. Found 0 Redis repository interfaces.
26-03-02.14:23:46.325 [main            ] INFO  PostProcessorRegistrationDelegate$BeanPostProcessorChecker - Bean 'redisClientConfig' of type [cn.bugstack.config.RedisClientConfig$$EnhancerBySpringCGLIB$$63977ff] is not eligible for getting processed by all BeanPostProcessors (for example: not eligible for auto-proxying)
26-03-02.14:23:46.595 [main            ] INFO  PostProcessorRegistrationDelegate$BeanPostProcessorChecker - Bean 'redis.sdk.config-cn.bugstack.config.RedisClientConfigProperties' of type [cn.bugstack.config.RedisClientConfigProperties] is not eligible for getting processed by all BeanPostProcessors (for example: not eligible for auto-proxying)
26-03-02.14:23:47.329 [main            ] INFO  Version                - Redisson 3.26.0
26-03-02.14:23:47.882 [redisson-netty-1-4] INFO  ConnectionsHolder      - 1 connections initialized for 192.168.3.245/192.168.3.245:16379
26-03-02.14:23:47.895 [redisson-netty-1-13] INFO  ConnectionsHolder      - 5 connections initialized for 192.168.3.245/192.168.3.245:16379
26-03-02.14:23:47.914 [main            ] INFO  PostProcessorRegistrationDelegate$BeanPostProcessorChecker - Bean 'redissonClient' of type [org.redisson.Redisson] is not eligible for getting processed by all BeanPostProcessors (for example: not eligible for auto-proxying)
26-03-02.14:23:50.075 [main            ] INFO  EndpointLinksResolver  - Exposing 1 endpoint(s) beneath base path '/actuator'
26-03-02.14:23:50.111 [main            ] INFO  TradeSettlementOrderServiceTest - Started TradeSettlementOrderServiceTest in 5.846 seconds (JVM running for 6.493)
26-03-02.14:23:50.364 [main            ] INFO  TradeSettlementOrderService - 拼团交易-支付订单结算:zfh02 outTradeNo:550772776069
26-03-02.14:23:50.365 [main            ] INFO  SCRuleFilter           - 结算规则过滤-渠道黑名单校验zfh02 outTradeNo:550772776069
26-03-02.14:23:50.369 [main            ] INFO  OutTradeNoRuleFilter   - 结算规则过滤-外部单号校验zfh02 outTradeNo:550772776069
26-03-02.14:23:50.389 [main            ] INFO  HikariDataSource       - HikariPool-1 - Starting...
26-03-02.14:23:51.121 [main            ] INFO  HikariDataSource       - HikariPool-1 - Start completed.
26-03-02.14:23:51.168 [main            ] INFO  SettableRuleFilter     - 结算规则过滤-有效时间校验zfh02 outTradeNo:550772776069
26-03-02.14:23:51.168 [main            ] INFO  TradeRepository        - 85033802
26-03-02.14:23:51.173 [main            ] ERROR SettableRuleFilter     - 订单交易时间不在拼团有效时间范围内
26-03-02.14:23:51.189 [SpringApplicationShutdownHook] INFO  HikariDataSource       - HikariPool-1 - Shutdown initiated...
26-03-02.14:23:51.201 [SpringApplicationShutdownHook] INFO  HikariDataSource       - HikariPool-1 - Shutdown completed.
